2025-07-12 17:22:18.982 [restartedMain] INFO  c.e.graduate.GraduateApplication - Starting GraduateApplication using Java 17.0.13 with PID 5112 (D:\NTASPORT\JAVA-PROJECT\SpringBoot\graduation-manager\server\target\classes started by Admin in D:\NTASPORT\JAVA-PROJECT\SpringBoot\graduation-manager\server)
2025-07-12 17:22:19.031 [restartedMain] INFO  c.e.graduate.GraduateApplication - No active profile set, falling back to 1 default profile: "default"
2025-07-12 17:22:21.189 [restartedMain] ERROR o.s.boot.SpringApplication - Application run failed
org.springframework.beans.factory.UnsatisfiedDependencyException: Error creating bean with name 'studentController' defined in file [D:\NTASPORT\JAVA-PROJECT\SpringBoot\graduation-manager\server\target\classes\com\example\graduate\controller\StudentController.class]: Unsatisfied dependency expressed through constructor parameter 0: Error creating bean with name 'studentServiceImpl': Lookup method resolution failed
	at org.springframework.beans.factory.support.ConstructorResolver.createArgumentArray(ConstructorResolver.java:795)
	at org.springframework.beans.factory.support.ConstructorResolver.autowireConstructor(ConstructorResolver.java:237)
	at org.springframework.beans.factory.support.AbstractAutowireCapableBeanFactory.autowireConstructor(AbstractAutowireCapableBeanFactory.java:1375)
	at org.springframework.beans.factory.support.AbstractAutowireCapableBeanFactory.createBeanInstance(AbstractAutowireCapableBeanFactory.java:1212)
	at org.springframework.beans.factory.support.AbstractAutowireCapableBeanFactory.doCreateBean(AbstractAutowireCapableBeanFactory.java:562)
	at org.springframework.beans.factory.support.AbstractAutowireCapableBeanFactory.createBean(AbstractAutowireCapableBeanFactory.java:522)
	at org.springframework.beans.factory.support.AbstractBeanFactory.lambda$doGetBean$0(AbstractBeanFactory.java:337)
	at org.springframework.beans.factory.support.DefaultSingletonBeanRegistry.getSingleton(DefaultSingletonBeanRegistry.java:234)
	at org.springframework.beans.factory.support.AbstractBeanFactory.doGetBean(AbstractBeanFactory.java:335)
	at org.springframework.beans.factory.support.AbstractBeanFactory.getBean(AbstractBeanFactory.java:200)
	at org.springframework.beans.factory.support.DefaultListableBeanFactory.preInstantiateSingletons(DefaultListableBeanFactory.java:975)
	at org.springframework.context.support.AbstractApplicationContext.finishBeanFactoryInitialization(AbstractApplicationContext.java:971)
	at org.springframework.context.support.AbstractApplicationContext.refresh(AbstractApplicationContext.java:625)
	at org.springframework.boot.web.servlet.context.ServletWebServerApplicationContext.refresh(ServletWebServerApplicationContext.java:146)
	at org.springframework.boot.SpringApplication.refresh(SpringApplication.java:754)
	at org.springframework.boot.SpringApplication.refreshContext(SpringApplication.java:456)
	at org.springframework.boot.SpringApplication.run(SpringApplication.java:335)
	at org.springframework.boot.SpringApplication.run(SpringApplication.java:1363)
	at org.springframework.boot.SpringApplication.run(SpringApplication.java:1352)
	at com.example.graduate.GraduateApplication.main(GraduateApplication.java:9)
	at java.base/jdk.internal.reflect.NativeMethodAccessorImpl.invoke0(Native Method)
	at java.base/jdk.internal.reflect.NativeMethodAccessorImpl.invoke(NativeMethodAccessorImpl.java:77)
	at java.base/jdk.internal.reflect.DelegatingMethodAccessorImpl.invoke(DelegatingMethodAccessorImpl.java:43)
	at java.base/java.lang.reflect.Method.invoke(Method.java:568)
	at org.springframework.boot.devtools.restart.RestartLauncher.run(RestartLauncher.java:50)
Caused by: org.springframework.beans.factory.BeanCreationException: Error creating bean with name 'studentServiceImpl': Lookup method resolution failed
	at org.springframework.beans.factory.annotation.AutowiredAnnotationBeanPostProcessor.checkLookupMethods(AutowiredAnnotationBeanPostProcessor.java:498)
	at org.springframework.beans.factory.annotation.AutowiredAnnotationBeanPostProcessor.determineCandidateConstructors(AutowiredAnnotationBeanPostProcessor.java:368)
	at org.springframework.beans.factory.support.AbstractAutowireCapableBeanFactory.determineConstructorsFromBeanPostProcessors(AbstractAutowireCapableBeanFactory.java:1314)
	at org.springframework.beans.factory.support.AbstractAutowireCapableBeanFactory.createBeanInstance(AbstractAutowireCapableBeanFactory.java:1209)
	at org.springframework.beans.factory.support.AbstractAutowireCapableBeanFactory.doCreateBean(AbstractAutowireCapableBeanFactory.java:562)
	at org.springframework.beans.factory.support.AbstractAutowireCapableBeanFactory.createBean(AbstractAutowireCapableBeanFactory.java:522)
	at org.springframework.beans.factory.support.AbstractBeanFactory.lambda$doGetBean$0(AbstractBeanFactory.java:337)
	at org.springframework.beans.factory.support.DefaultSingletonBeanRegistry.getSingleton(DefaultSingletonBeanRegistry.java:234)
	at org.springframework.beans.factory.support.AbstractBeanFactory.doGetBean(AbstractBeanFactory.java:335)
	at org.springframework.beans.factory.support.AbstractBeanFactory.getBean(AbstractBeanFactory.java:200)
	at org.springframework.beans.factory.config.DependencyDescriptor.resolveCandidate(DependencyDescriptor.java:254)
	at org.springframework.beans.factory.support.DefaultListableBeanFactory.doResolveDependency(DefaultListableBeanFactory.java:1443)
	at org.springframework.beans.factory.support.DefaultListableBeanFactory.resolveDependency(DefaultListableBeanFactory.java:1353)
	at org.springframework.beans.factory.support.ConstructorResolver.resolveAutowiredArgument(ConstructorResolver.java:904)
	at org.springframework.beans.factory.support.ConstructorResolver.createArgumentArray(ConstructorResolver.java:782)
	... 24 common frames omitted
Caused by: java.lang.IllegalStateException: Failed to introspect Class [com.example.graduate.service.impl.StudentServiceImpl] from ClassLoader [org.springframework.boot.devtools.restart.classloader.RestartClassLoader@1904afd3]
	at org.springframework.util.ReflectionUtils.getDeclaredMethods(ReflectionUtils.java:483)
	at org.springframework.util.ReflectionUtils.doWithLocalMethods(ReflectionUtils.java:320)
	at org.springframework.beans.factory.annotation.AutowiredAnnotationBeanPostProcessor.checkLookupMethods(AutowiredAnnotationBeanPostProcessor.java:476)
	... 38 common frames omitted
Caused by: java.lang.NoClassDefFoundError: Roles
	at java.base/java.lang.Class.getDeclaredMethods0(Native Method)
	at java.base/java.lang.Class.privateGetDeclaredMethods(Class.java:3402)
	at java.base/java.lang.Class.privateGetPublicMethods(Class.java:3427)
	at java.base/java.lang.Class.getMethods(Class.java:2019)
	at org.springframework.util.ReflectionUtils.findDefaultMethodsOnInterfaces(ReflectionUtils.java:493)
	at org.springframework.util.ReflectionUtils.getDeclaredMethods(ReflectionUtils.java:466)
	... 40 common frames omitted
Caused by: java.lang.ClassNotFoundException: Roles
	at java.base/jdk.internal.loader.BuiltinClassLoader.loadClass(BuiltinClassLoader.java:641)
	at java.base/jdk.internal.loader.ClassLoaders$AppClassLoader.loadClass(ClassLoaders.java:188)
	at java.base/java.lang.ClassLoader.loadClass(ClassLoader.java:525)
	at java.base/java.lang.Class.forName0(Native Method)
	at java.base/java.lang.Class.forName(Class.java:467)
	at org.springframework.boot.devtools.restart.classloader.RestartClassLoader.loadClass(RestartClassLoader.java:121)
	at java.base/java.lang.ClassLoader.loadClass(ClassLoader.java:525)
	... 46 common frames omitted
2025-07-12 17:22:22.695 [restartedMain] INFO  c.e.graduate.GraduateApplication - Starting GraduateApplication using Java 17.0.13 with PID 5112 (D:\NTASPORT\JAVA-PROJECT\SpringBoot\graduation-manager\server\target\classes started by Admin in D:\NTASPORT\JAVA-PROJECT\SpringBoot\graduation-manager\server)
2025-07-12 17:22:22.695 [restartedMain] INFO  c.e.graduate.GraduateApplication - No active profile set, falling back to 1 default profile: "default"
2025-07-12 17:22:24.496 [restartedMain] INFO  c.e.graduate.GraduateApplication - Started GraduateApplication in 1.839 seconds (process running for 6479.69)
2025-07-12 17:22:44.030 [restartedMain] INFO  c.e.graduate.GraduateApplication - Starting GraduateApplication using Java 17.0.13 with PID 5112 (D:\NTASPORT\JAVA-PROJECT\SpringBoot\graduation-manager\server\target\classes started by Admin in D:\NTASPORT\JAVA-PROJECT\SpringBoot\graduation-manager\server)
2025-07-12 17:22:44.030 [restartedMain] INFO  c.e.graduate.GraduateApplication - No active profile set, falling back to 1 default profile: "default"
2025-07-12 17:22:45.771 [restartedMain] INFO  c.e.graduate.GraduateApplication - Started GraduateApplication in 1.77 seconds (process running for 6500.964)
2025-07-12 17:22:48.908 [restartedMain] INFO  c.e.graduate.GraduateApplication - Starting GraduateApplication using Java 17.0.13 with PID 5112 (D:\NTASPORT\JAVA-PROJECT\SpringBoot\graduation-manager\server\target\classes started by Admin in D:\NTASPORT\JAVA-PROJECT\SpringBoot\graduation-manager\server)
2025-07-12 17:22:48.908 [restartedMain] INFO  c.e.graduate.GraduateApplication - No active profile set, falling back to 1 default profile: "default"
2025-07-12 17:22:50.630 [restartedMain] INFO  c.e.graduate.GraduateApplication - Started GraduateApplication in 1.749 seconds (process running for 6505.822)
2025-07-12 17:22:52.262 [restartedMain] INFO  c.e.graduate.GraduateApplication - Starting GraduateApplication using Java 17.0.13 with PID 5112 (D:\NTASPORT\JAVA-PROJECT\SpringBoot\graduation-manager\server\target\classes started by Admin in D:\NTASPORT\JAVA-PROJECT\SpringBoot\graduation-manager\server)
2025-07-12 17:22:52.262 [restartedMain] INFO  c.e.graduate.GraduateApplication - No active profile set, falling back to 1 default profile: "default"
2025-07-12 17:22:53.870 [restartedMain] INFO  c.e.graduate.GraduateApplication - Started GraduateApplication in 1.631 seconds (process running for 6509.063)
2025-07-12 17:22:59.061 [restartedMain] INFO  c.e.graduate.GraduateApplication - Starting GraduateApplication using Java 17.0.13 with PID 5112 (D:\NTASPORT\JAVA-PROJECT\SpringBoot\graduation-manager\server\target\classes started by Admin in D:\NTASPORT\JAVA-PROJECT\SpringBoot\graduation-manager\server)
2025-07-12 17:22:59.062 [restartedMain] INFO  c.e.graduate.GraduateApplication - No active profile set, falling back to 1 default profile: "default"
2025-07-12 17:23:00.862 [restartedMain] INFO  c.e.graduate.GraduateApplication - Started GraduateApplication in 1.84 seconds (process running for 6516.055)
2025-07-12 17:26:18.151 [http-nio-8080-exec-10] INFO  c.e.g.s.i.AuthenticationServiceImpl - User minhthuan@gmail.com logged in successfully
2025-07-12 17:28:55.045 [restartedMain] INFO  c.e.graduate.GraduateApplication - Starting GraduateApplication using Java 17.0.13 with PID 5112 (D:\NTASPORT\JAVA-PROJECT\SpringBoot\graduation-manager\server\target\classes started by Admin in D:\NTASPORT\JAVA-PROJECT\SpringBoot\graduation-manager\server)
2025-07-12 17:28:55.046 [restartedMain] INFO  c.e.graduate.GraduateApplication - No active profile set, falling back to 1 default profile: "default"
2025-07-12 17:28:59.113 [restartedMain] INFO  c.e.graduate.GraduateApplication - Started GraduateApplication in 4.66 seconds (process running for 6874.306)
2025-07-12 17:29:37.287 [restartedMain] INFO  c.e.graduate.GraduateApplication - Starting GraduateApplication using Java 17.0.13 with PID 5112 (D:\NTASPORT\JAVA-PROJECT\SpringBoot\graduation-manager\server\target\classes started by Admin in D:\NTASPORT\JAVA-PROJECT\SpringBoot\graduation-manager\server)
2025-07-12 17:29:37.287 [restartedMain] INFO  c.e.graduate.GraduateApplication - No active profile set, falling back to 1 default profile: "default"
2025-07-12 17:29:39.008 [restartedMain] INFO  c.e.graduate.GraduateApplication - Started GraduateApplication in 1.739 seconds (process running for 6914.201)
2025-07-12 17:30:07.268 [restartedMain] INFO  c.e.graduate.GraduateApplication - Starting GraduateApplication using Java 17.0.13 with PID 5112 (D:\NTASPORT\JAVA-PROJECT\SpringBoot\graduation-manager\server\target\classes started by Admin in D:\NTASPORT\JAVA-PROJECT\SpringBoot\graduation-manager\server)
2025-07-12 17:30:07.268 [restartedMain] INFO  c.e.graduate.GraduateApplication - No active profile set, falling back to 1 default profile: "default"
2025-07-12 17:30:08.783 [restartedMain] INFO  c.e.graduate.GraduateApplication - Started GraduateApplication in 1.545 seconds (process running for 6943.976)
2025-07-12 17:37:52.254 [restartedMain] INFO  c.e.graduate.GraduateApplication - Starting GraduateApplication using Java 17.0.13 with PID 5112 (D:\NTASPORT\JAVA-PROJECT\SpringBoot\graduation-manager\server\target\classes started by Admin in D:\NTASPORT\JAVA-PROJECT\SpringBoot\graduation-manager\server)
2025-07-12 17:37:52.255 [restartedMain] INFO  c.e.graduate.GraduateApplication - No active profile set, falling back to 1 default profile: "default"
2025-07-12 17:37:54.584 [restartedMain] INFO  c.e.graduate.GraduateApplication - Started GraduateApplication in 2.435 seconds (process running for 7409.777)
2025-07-12 17:39:38.402 [restartedMain] INFO  c.e.graduate.GraduateApplication - Starting GraduateApplication using Java 17.0.13 with PID 5112 (D:\NTASPORT\JAVA-PROJECT\SpringBoot\graduation-manager\server\target\classes started by Admin in D:\NTASPORT\JAVA-PROJECT\SpringBoot\graduation-manager\server)
2025-07-12 17:39:38.405 [restartedMain] INFO  c.e.graduate.GraduateApplication - No active profile set, falling back to 1 default profile: "default"
2025-07-12 17:39:41.048 [restartedMain] INFO  c.e.graduate.GraduateApplication - Started GraduateApplication in 2.705 seconds (process running for 7516.242)
2025-07-12 17:40:56.529 [restartedMain] INFO  c.e.graduate.GraduateApplication - Starting GraduateApplication using Java 17.0.13 with PID 5112 (D:\NTASPORT\JAVA-PROJECT\SpringBoot\graduation-manager\server\target\classes started by Admin in D:\NTASPORT\JAVA-PROJECT\SpringBoot\graduation-manager\server)
2025-07-12 17:40:56.529 [restartedMain] INFO  c.e.graduate.GraduateApplication - No active profile set, falling back to 1 default profile: "default"
2025-07-12 17:40:58.470 [restartedMain] INFO  c.e.graduate.GraduateApplication - Started GraduateApplication in 1.979 seconds (process running for 7593.666)
2025-07-12 17:41:22.690 [restartedMain] INFO  c.e.graduate.GraduateApplication - Starting GraduateApplication using Java 17.0.13 with PID 5112 (D:\NTASPORT\JAVA-PROJECT\SpringBoot\graduation-manager\server\target\classes started by Admin in D:\NTASPORT\JAVA-PROJECT\SpringBoot\graduation-manager\server)
2025-07-12 17:41:22.690 [restartedMain] INFO  c.e.graduate.GraduateApplication - No active profile set, falling back to 1 default profile: "default"
2025-07-12 17:41:24.412 [restartedMain] INFO  c.e.graduate.GraduateApplication - Started GraduateApplication in 1.758 seconds (process running for 7619.605)
2025-07-12 17:44:12.166 [restartedMain] INFO  c.e.graduate.GraduateApplication - Starting GraduateApplication using Java 17.0.13 with PID 5112 (D:\NTASPORT\JAVA-PROJECT\SpringBoot\graduation-manager\server\target\classes started by Admin in D:\NTASPORT\JAVA-PROJECT\SpringBoot\graduation-manager\server)
2025-07-12 17:44:12.168 [restartedMain] INFO  c.e.graduate.GraduateApplication - No active profile set, falling back to 1 default profile: "default"
2025-07-12 17:44:14.462 [restartedMain] INFO  c.e.graduate.GraduateApplication - Started GraduateApplication in 2.363 seconds (process running for 7789.654)
2025-07-12 17:45:16.137 [restartedMain] INFO  c.e.graduate.GraduateApplication - Starting GraduateApplication using Java 17.0.13 with PID 5112 (D:\NTASPORT\JAVA-PROJECT\SpringBoot\graduation-manager\server\target\classes started by Admin in D:\NTASPORT\JAVA-PROJECT\SpringBoot\graduation-manager\server)
2025-07-12 17:45:16.138 [restartedMain] INFO  c.e.graduate.GraduateApplication - No active profile set, falling back to 1 default profile: "default"
2025-07-12 17:45:18.512 [restartedMain] INFO  c.e.graduate.GraduateApplication - Started GraduateApplication in 2.44 seconds (process running for 7853.71)
2025-07-12 17:45:32.898 [restartedMain] INFO  c.e.graduate.GraduateApplication - Starting GraduateApplication using Java 17.0.13 with PID 5112 (D:\NTASPORT\JAVA-PROJECT\SpringBoot\graduation-manager\server\target\classes started by Admin in D:\NTASPORT\JAVA-PROJECT\SpringBoot\graduation-manager\server)
2025-07-12 17:45:32.899 [restartedMain] INFO  c.e.graduate.GraduateApplication - No active profile set, falling back to 1 default profile: "default"
2025-07-12 17:45:34.724 [restartedMain] INFO  c.e.graduate.GraduateApplication - Started GraduateApplication in 1.863 seconds (process running for 7869.917)
2025-07-12 17:46:27.984 [restartedMain] INFO  c.e.graduate.GraduateApplication - Starting GraduateApplication using Java 17.0.13 with PID 5112 (D:\NTASPORT\JAVA-PROJECT\SpringBoot\graduation-manager\server\target\classes started by Admin in D:\NTASPORT\JAVA-PROJECT\SpringBoot\graduation-manager\server)
2025-07-12 17:46:27.984 [restartedMain] INFO  c.e.graduate.GraduateApplication - No active profile set, falling back to 1 default profile: "default"
2025-07-12 17:46:29.922 [restartedMain] INFO  c.e.graduate.GraduateApplication - Started GraduateApplication in 1.972 seconds (process running for 7925.115)
2025-07-12 17:47:55.759 [restartedMain] INFO  c.e.graduate.GraduateApplication - Starting GraduateApplication using Java 17.0.13 with PID 5112 (D:\NTASPORT\JAVA-PROJECT\SpringBoot\graduation-manager\server\target\classes started by Admin in D:\NTASPORT\JAVA-PROJECT\SpringBoot\graduation-manager\server)
2025-07-12 17:47:55.760 [restartedMain] INFO  c.e.graduate.GraduateApplication - No active profile set, falling back to 1 default profile: "default"
2025-07-12 17:47:58.164 [restartedMain] INFO  c.e.graduate.GraduateApplication - Started GraduateApplication in 2.473 seconds (process running for 8013.357)
2025-07-12 17:48:18.441 [restartedMain] INFO  c.e.graduate.GraduateApplication - Starting GraduateApplication using Java 17.0.13 with PID 5112 (D:\NTASPORT\JAVA-PROJECT\SpringBoot\graduation-manager\server\target\classes started by Admin in D:\NTASPORT\JAVA-PROJECT\SpringBoot\graduation-manager\server)
2025-07-12 17:48:18.442 [restartedMain] INFO  c.e.graduate.GraduateApplication - No active profile set, falling back to 1 default profile: "default"
2025-07-12 17:48:20.233 [restartedMain] INFO  c.e.graduate.GraduateApplication - Started GraduateApplication in 1.83 seconds (process running for 8035.426)
2025-07-12 17:48:21.900 [restartedMain] INFO  c.e.graduate.GraduateApplication - Starting GraduateApplication using Java 17.0.13 with PID 5112 (D:\NTASPORT\JAVA-PROJECT\SpringBoot\graduation-manager\server\target\classes started by Admin in D:\NTASPORT\JAVA-PROJECT\SpringBoot\graduation-manager\server)
2025-07-12 17:48:21.900 [restartedMain] INFO  c.e.graduate.GraduateApplication - No active profile set, falling back to 1 default profile: "default"
2025-07-12 17:48:23.399 [restartedMain] INFO  c.e.graduate.GraduateApplication - Started GraduateApplication in 1.533 seconds (process running for 8038.592)
2025-07-12 17:48:39.029 [restartedMain] INFO  c.e.graduate.GraduateApplication - Starting GraduateApplication using Java 17.0.13 with PID 5112 (D:\NTASPORT\JAVA-PROJECT\SpringBoot\graduation-manager\server\target\classes started by Admin in D:\NTASPORT\JAVA-PROJECT\SpringBoot\graduation-manager\server)
2025-07-12 17:48:39.030 [restartedMain] INFO  c.e.graduate.GraduateApplication - No active profile set, falling back to 1 default profile: "default"
2025-07-12 17:48:40.982 [restartedMain] INFO  c.e.graduate.GraduateApplication - Started GraduateApplication in 1.995 seconds (process running for 8056.175)
2025-07-12 17:50:57.467 [restartedMain] INFO  c.e.graduate.GraduateApplication - Starting GraduateApplication using Java 17.0.13 with PID 5112 (D:\NTASPORT\JAVA-PROJECT\SpringBoot\graduation-manager\server\target\classes started by Admin in D:\NTASPORT\JAVA-PROJECT\SpringBoot\graduation-manager\server)
2025-07-12 17:50:57.469 [restartedMain] INFO  c.e.graduate.GraduateApplication - No active profile set, falling back to 1 default profile: "default"
2025-07-12 17:50:59.512 [restartedMain] INFO  c.e.graduate.GraduateApplication - Started GraduateApplication in 2.085 seconds (process running for 8194.705)
2025-07-12 17:51:45.322 [restartedMain] INFO  c.e.graduate.GraduateApplication - Starting GraduateApplication using Java 17.0.13 with PID 5112 (D:\NTASPORT\JAVA-PROJECT\SpringBoot\graduation-manager\server\target\classes started by Admin in D:\NTASPORT\JAVA-PROJECT\SpringBoot\graduation-manager\server)
2025-07-12 17:51:45.324 [restartedMain] INFO  c.e.graduate.GraduateApplication - No active profile set, falling back to 1 default profile: "default"
2025-07-12 17:51:48.084 [restartedMain] INFO  c.e.graduate.GraduateApplication - Started GraduateApplication in 3.299 seconds (process running for 8243.277)
2025-07-12 17:51:49.846 [restartedMain] INFO  c.e.graduate.GraduateApplication - Starting GraduateApplication using Java 17.0.13 with PID 5112 (D:\NTASPORT\JAVA-PROJECT\SpringBoot\graduation-manager\server\target\classes started by Admin in D:\NTASPORT\JAVA-PROJECT\SpringBoot\graduation-manager\server)
2025-07-12 17:51:49.846 [restartedMain] INFO  c.e.graduate.GraduateApplication - No active profile set, falling back to 1 default profile: "default"
2025-07-12 17:51:51.863 [restartedMain] INFO  c.e.graduate.GraduateApplication - Started GraduateApplication in 2.069 seconds (process running for 8247.056)
2025-07-12 17:52:10.551 [restartedMain] INFO  c.e.graduate.GraduateApplication - Starting GraduateApplication using Java 17.0.13 with PID 5112 (D:\NTASPORT\JAVA-PROJECT\SpringBoot\graduation-manager\server\target\classes started by Admin in D:\NTASPORT\JAVA-PROJECT\SpringBoot\graduation-manager\server)
2025-07-12 17:52:10.551 [restartedMain] INFO  c.e.graduate.GraduateApplication - No active profile set, falling back to 1 default profile: "default"
2025-07-12 17:52:13.055 [restartedMain] INFO  c.e.graduate.GraduateApplication - Started GraduateApplication in 2.565 seconds (process running for 8268.248)
2025-07-12 17:52:56.860 [restartedMain] INFO  c.e.graduate.GraduateApplication - Starting GraduateApplication using Java 17.0.13 with PID 5112 (D:\NTASPORT\JAVA-PROJECT\SpringBoot\graduation-manager\server\target\classes started by Admin in D:\NTASPORT\JAVA-PROJECT\SpringBoot\graduation-manager\server)
2025-07-12 17:52:56.861 [restartedMain] INFO  c.e.graduate.GraduateApplication - No active profile set, falling back to 1 default profile: "default"
2025-07-12 17:52:59.029 [restartedMain] INFO  c.e.graduate.GraduateApplication - Started GraduateApplication in 2.218 seconds (process running for 8314.222)
2025-07-12 17:53:11.830 [restartedMain] INFO  c.e.graduate.GraduateApplication - Starting GraduateApplication using Java 17.0.13 with PID 5112 (D:\NTASPORT\JAVA-PROJECT\SpringBoot\graduation-manager\server\target\classes started by Admin in D:\NTASPORT\JAVA-PROJECT\SpringBoot\graduation-manager\server)
2025-07-12 17:53:11.833 [restartedMain] INFO  c.e.graduate.GraduateApplication - No active profile set, falling back to 1 default profile: "default"
2025-07-12 17:53:13.574 [restartedMain] INFO  c.e.graduate.GraduateApplication - Started GraduateApplication in 1.773 seconds (process running for 8328.768)
2025-07-12 17:56:27.635 [restartedMain] INFO  c.e.graduate.GraduateApplication - Starting GraduateApplication using Java 17.0.13 with PID 5112 (D:\NTASPORT\JAVA-PROJECT\SpringBoot\graduation-manager\server\target\classes started by Admin in D:\NTASPORT\JAVA-PROJECT\SpringBoot\graduation-manager\server)
2025-07-12 17:56:27.638 [restartedMain] INFO  c.e.graduate.GraduateApplication - No active profile set, falling back to 1 default profile: "default"
2025-07-12 17:56:30.532 [restartedMain] INFO  c.e.graduate.GraduateApplication - Started GraduateApplication in 3.063 seconds (process running for 8525.724)
2025-07-12 17:56:35.672 [restartedMain] INFO  c.e.graduate.GraduateApplication - Starting GraduateApplication using Java 17.0.13 with PID 5112 (D:\NTASPORT\JAVA-PROJECT\SpringBoot\graduation-manager\server\target\classes started by Admin in D:\NTASPORT\JAVA-PROJECT\SpringBoot\graduation-manager\server)
2025-07-12 17:56:35.672 [restartedMain] INFO  c.e.graduate.GraduateApplication - No active profile set, falling back to 1 default profile: "default"
2025-07-12 17:56:37.332 [restartedMain] INFO  c.e.graduate.GraduateApplication - Started GraduateApplication in 1.679 seconds (process running for 8532.525)
2025-07-12 17:56:45.362 [http-nio-8080-exec-4] ERROR o.a.c.c.C.[.[.[.[dispatcherServlet] - Servlet.service() for servlet [dispatcherServlet] in context with path [] threw exception
com.example.graduate.exception.JwtAuthenticationException: Token ?ã h?t h?n
	at com.example.graduate.service.impl.JwtService.extractClaims(JwtService.java:89)
	at com.example.graduate.service.impl.JwtService.extractUsername(JwtService.java:69)
	at com.example.graduate.config.AuthenticationFilter.doFilterInternal(AuthenticationFilter.java:43)
	at org.springframework.web.filter.OncePerRequestFilter.doFilter(OncePerRequestFilter.java:116)
	at org.springframework.security.web.FilterChainProxy$VirtualFilterChain.doFilter(FilterChainProxy.java:374)
	at org.springframework.security.web.authentication.logout.LogoutFilter.doFilter(LogoutFilter.java:107)
	at org.springframework.security.web.authentication.logout.LogoutFilter.doFilter(LogoutFilter.java:93)
	at org.springframework.security.web.FilterChainProxy$VirtualFilterChain.doFilter(FilterChainProxy.java:374)
	at org.springframework.web.filter.CorsFilter.doFilterInternal(CorsFilter.java:91)
	at org.springframework.web.filter.OncePerRequestFilter.doFilter(OncePerRequestFilter.java:116)
	at org.springframework.security.web.FilterChainProxy$VirtualFilterChain.doFilter(FilterChainProxy.java:374)
	at org.springframework.security.web.header.HeaderWriterFilter.doHeadersAfter(HeaderWriterFilter.java:90)
	at org.springframework.security.web.header.HeaderWriterFilter.doFilterInternal(HeaderWriterFilter.java:75)
	at org.springframework.web.filter.OncePerRequestFilter.doFilter(OncePerRequestFilter.java:116)
	at org.springframework.security.web.FilterChainProxy$VirtualFilterChain.doFilter(FilterChainProxy.java:374)
	at org.springframework.security.web.context.SecurityContextHolderFilter.doFilter(SecurityContextHolderFilter.java:82)
	at org.springframework.security.web.context.SecurityContextHolderFilter.doFilter(SecurityContextHolderFilter.java:69)
	at org.springframework.security.web.FilterChainProxy$VirtualFilterChain.doFilter(FilterChainProxy.java:374)
	at org.springframework.security.web.context.request.async.WebAsyncManagerIntegrationFilter.doFilterInternal(WebAsyncManagerIntegrationFilter.java:62)
	at org.springframework.web.filter.OncePerRequestFilter.doFilter(OncePerRequestFilter.java:116)
	at org.springframework.security.web.FilterChainProxy$VirtualFilterChain.doFilter(FilterChainProxy.java:374)
	at org.springframework.security.web.session.DisableEncodeUrlFilter.doFilterInternal(DisableEncodeUrlFilter.java:42)
	at org.springframework.web.filter.OncePerRequestFilter.doFilter(OncePerRequestFilter.java:116)
	at org.springframework.security.web.FilterChainProxy$VirtualFilterChain.doFilter(FilterChainProxy.java:374)
	at org.springframework.security.web.FilterChainProxy.doFilterInternal(FilterChainProxy.java:233)
	at org.springframework.security.web.FilterChainProxy.doFilter(FilterChainProxy.java:191)
	at org.springframework.web.filter.CompositeFilter$VirtualFilterChain.doFilter(CompositeFilter.java:113)
	at org.springframework.web.servlet.handler.HandlerMappingIntrospector.lambda$createCacheFilter$3(HandlerMappingIntrospector.java:195)
	at org.springframework.web.filter.CompositeFilter$VirtualFilterChain.doFilter(CompositeFilter.java:113)
	at org.springframework.web.filter.CompositeFilter.doFilter(CompositeFilter.java:74)
	at org.springframework.security.config.annotation.web.configuration.WebMvcSecurityConfiguration$CompositeFilterChainProxy.doFilter(WebMvcSecurityConfiguration.java:230)
	at org.springframework.web.filter.DelegatingFilterProxy.invokeDelegate(DelegatingFilterProxy.java:352)
	at org.springframework.web.filter.DelegatingFilterProxy.doFilter(DelegatingFilterProxy.java:268)
	at org.apache.catalina.core.ApplicationFilterChain.internalDoFilter(ApplicationFilterChain.java:164)
	at org.apache.catalina.core.ApplicationFilterChain.doFilter(ApplicationFilterChain.java:140)
	at org.springframework.web.filter.RequestContextFilter.doFilterInternal(RequestContextFilter.java:100)
	at org.springframework.web.filter.OncePerRequestFilter.doFilter(OncePerRequestFilter.java:116)
	at org.apache.catalina.core.ApplicationFilterChain.internalDoFilter(ApplicationFilterChain.java:164)
	at org.apache.catalina.core.ApplicationFilterChain.doFilter(ApplicationFilterChain.java:140)
	at org.springframework.web.filter.FormContentFilter.doFilterInternal(FormContentFilter.java:93)
	at org.springframework.web.filter.OncePerRequestFilter.doFilter(OncePerRequestFilter.java:116)
	at org.apache.catalina.core.ApplicationFilterChain.internalDoFilter(ApplicationFilterChain.java:164)
	at org.apache.catalina.core.ApplicationFilterChain.doFilter(ApplicationFilterChain.java:140)
	at org.springframework.web.filter.CharacterEncodingFilter.doFilterInternal(CharacterEncodingFilter.java:201)
	at org.springframework.web.filter.OncePerRequestFilter.doFilter(OncePerRequestFilter.java:116)
	at org.apache.catalina.core.ApplicationFilterChain.internalDoFilter(ApplicationFilterChain.java:164)
	at org.apache.catalina.core.ApplicationFilterChain.doFilter(ApplicationFilterChain.java:140)
	at org.apache.catalina.core.StandardWrapperValve.invoke(StandardWrapperValve.java:167)
	at org.apache.catalina.core.StandardContextValve.invoke(StandardContextValve.java:90)
	at org.apache.catalina.authenticator.AuthenticatorBase.invoke(AuthenticatorBase.java:483)
	at org.apache.catalina.core.StandardHostValve.invoke(StandardHostValve.java:115)
	at org.apache.catalina.valves.ErrorReportValve.invoke(ErrorReportValve.java:93)
	at org.apache.catalina.core.StandardEngineValve.invoke(StandardEngineValve.java:74)
	at org.apache.catalina.connector.CoyoteAdapter.service(CoyoteAdapter.java:344)
	at org.apache.coyote.http11.Http11Processor.service(Http11Processor.java:384)
	at org.apache.coyote.AbstractProcessorLight.process(AbstractProcessorLight.java:63)
	at org.apache.coyote.AbstractProtocol$ConnectionHandler.process(AbstractProtocol.java:905)
	at org.apache.tomcat.util.net.NioEndpoint$SocketProcessor.doRun(NioEndpoint.java:1741)
	at org.apache.tomcat.util.net.SocketProcessorBase.run(SocketProcessorBase.java:52)
	at org.apache.tomcat.util.threads.ThreadPoolExecutor.runWorker(ThreadPoolExecutor.java:1190)
	at org.apache.tomcat.util.threads.ThreadPoolExecutor$Worker.run(ThreadPoolExecutor.java:659)
	at org.apache.tomcat.util.threads.TaskThread$WrappingRunnable.run(TaskThread.java:63)
	at java.base/java.lang.Thread.run(Thread.java:842)
Caused by: io.jsonwebtoken.ExpiredJwtException: JWT expired at 2025-07-12T10:50:18Z. Current time: 2025-07-12T10:56:45Z, a difference of 387334 milliseconds.  Allowed clock skew: 0 milliseconds.
	at io.jsonwebtoken.impl.DefaultJwtParser.parse(DefaultJwtParser.java:427)
	at io.jsonwebtoken.impl.DefaultJwtParser.parse(DefaultJwtParser.java:529)
	at io.jsonwebtoken.impl.DefaultJwtParser.parseClaimsJws(DefaultJwtParser.java:589)
	at io.jsonwebtoken.impl.ImmutableJwtParser.parseClaimsJws(ImmutableJwtParser.java:173)
	at com.example.graduate.service.impl.JwtService.extractClaims(JwtService.java:86)
	... 62 common frames omitted
2025-07-12 17:57:39.750 [restartedMain] INFO  c.e.graduate.GraduateApplication - Starting GraduateApplication using Java 17.0.13 with PID 5112 (D:\NTASPORT\JAVA-PROJECT\SpringBoot\graduation-manager\server\target\classes started by Admin in D:\NTASPORT\JAVA-PROJECT\SpringBoot\graduation-manager\server)
2025-07-12 17:57:39.750 [restartedMain] INFO  c.e.graduate.GraduateApplication - No active profile set, falling back to 1 default profile: "default"
2025-07-12 17:57:41.599 [restartedMain] INFO  c.e.graduate.GraduateApplication - Started GraduateApplication in 1.945 seconds (process running for 8596.792)
2025-07-12 17:57:52.201 [restartedMain] INFO  c.e.graduate.GraduateApplication - Starting GraduateApplication using Java 17.0.13 with PID 5112 (D:\NTASPORT\JAVA-PROJECT\SpringBoot\graduation-manager\server\target\classes started by Admin in D:\NTASPORT\JAVA-PROJECT\SpringBoot\graduation-manager\server)
2025-07-12 17:57:52.202 [restartedMain] INFO  c.e.graduate.GraduateApplication - No active profile set, falling back to 1 default profile: "default"
2025-07-12 17:57:54.401 [restartedMain] INFO  c.e.graduate.GraduateApplication - Started GraduateApplication in 2.234 seconds (process running for 8609.594)
2025-07-12 18:01:22.204 [restartedMain] INFO  c.e.graduate.GraduateApplication - Starting GraduateApplication using Java 17.0.13 with PID 5112 (D:\NTASPORT\JAVA-PROJECT\SpringBoot\graduation-manager\server\target\classes started by Admin in D:\NTASPORT\JAVA-PROJECT\SpringBoot\graduation-manager\server)
2025-07-12 18:01:22.205 [restartedMain] INFO  c.e.graduate.GraduateApplication - No active profile set, falling back to 1 default profile: "default"
2025-07-12 18:01:25.450 [restartedMain] INFO  c.e.graduate.GraduateApplication - Started GraduateApplication in 3.313 seconds (process running for 8820.643)
2025-07-12 18:01:31.409 [http-nio-8080-exec-2] ERROR o.a.c.c.C.[.[.[.[dispatcherServlet] - Servlet.service() for servlet [dispatcherServlet] in context with path [] threw exception
com.example.graduate.exception.JwtAuthenticationException: Token ?ã h?t h?n
	at com.example.graduate.service.impl.JwtService.extractClaims(JwtService.java:89)
	at com.example.graduate.service.impl.JwtService.extractUsername(JwtService.java:69)
	at com.example.graduate.config.AuthenticationFilter.doFilterInternal(AuthenticationFilter.java:43)
	at org.springframework.web.filter.OncePerRequestFilter.doFilter(OncePerRequestFilter.java:116)
	at org.springframework.security.web.FilterChainProxy$VirtualFilterChain.doFilter(FilterChainProxy.java:374)
	at org.springframework.security.web.authentication.logout.LogoutFilter.doFilter(LogoutFilter.java:107)
	at org.springframework.security.web.authentication.logout.LogoutFilter.doFilter(LogoutFilter.java:93)
	at org.springframework.security.web.FilterChainProxy$VirtualFilterChain.doFilter(FilterChainProxy.java:374)
	at org.springframework.web.filter.CorsFilter.doFilterInternal(CorsFilter.java:91)
	at org.springframework.web.filter.OncePerRequestFilter.doFilter(OncePerRequestFilter.java:116)
	at org.springframework.security.web.FilterChainProxy$VirtualFilterChain.doFilter(FilterChainProxy.java:374)
	at org.springframework.security.web.header.HeaderWriterFilter.doHeadersAfter(HeaderWriterFilter.java:90)
	at org.springframework.security.web.header.HeaderWriterFilter.doFilterInternal(HeaderWriterFilter.java:75)
	at org.springframework.web.filter.OncePerRequestFilter.doFilter(OncePerRequestFilter.java:116)
	at org.springframework.security.web.FilterChainProxy$VirtualFilterChain.doFilter(FilterChainProxy.java:374)
	at org.springframework.security.web.context.SecurityContextHolderFilter.doFilter(SecurityContextHolderFilter.java:82)
	at org.springframework.security.web.context.SecurityContextHolderFilter.doFilter(SecurityContextHolderFilter.java:69)
	at org.springframework.security.web.FilterChainProxy$VirtualFilterChain.doFilter(FilterChainProxy.java:374)
	at org.springframework.security.web.context.request.async.WebAsyncManagerIntegrationFilter.doFilterInternal(WebAsyncManagerIntegrationFilter.java:62)
	at org.springframework.web.filter.OncePerRequestFilter.doFilter(OncePerRequestFilter.java:116)
	at org.springframework.security.web.FilterChainProxy$VirtualFilterChain.doFilter(FilterChainProxy.java:374)
	at org.springframework.security.web.session.DisableEncodeUrlFilter.doFilterInternal(DisableEncodeUrlFilter.java:42)
	at org.springframework.web.filter.OncePerRequestFilter.doFilter(OncePerRequestFilter.java:116)
	at org.springframework.security.web.FilterChainProxy$VirtualFilterChain.doFilter(FilterChainProxy.java:374)
	at org.springframework.security.web.FilterChainProxy.doFilterInternal(FilterChainProxy.java:233)
	at org.springframework.security.web.FilterChainProxy.doFilter(FilterChainProxy.java:191)
	at org.springframework.web.filter.CompositeFilter$VirtualFilterChain.doFilter(CompositeFilter.java:113)
	at org.springframework.web.servlet.handler.HandlerMappingIntrospector.lambda$createCacheFilter$3(HandlerMappingIntrospector.java:195)
	at org.springframework.web.filter.CompositeFilter$VirtualFilterChain.doFilter(CompositeFilter.java:113)
	at org.springframework.web.filter.CompositeFilter.doFilter(CompositeFilter.java:74)
	at org.springframework.security.config.annotation.web.configuration.WebMvcSecurityConfiguration$CompositeFilterChainProxy.doFilter(WebMvcSecurityConfiguration.java:230)
	at org.springframework.web.filter.DelegatingFilterProxy.invokeDelegate(DelegatingFilterProxy.java:352)
	at org.springframework.web.filter.DelegatingFilterProxy.doFilter(DelegatingFilterProxy.java:268)
	at org.apache.catalina.core.ApplicationFilterChain.internalDoFilter(ApplicationFilterChain.java:164)
	at org.apache.catalina.core.ApplicationFilterChain.doFilter(ApplicationFilterChain.java:140)
	at org.springframework.web.filter.RequestContextFilter.doFilterInternal(RequestContextFilter.java:100)
	at org.springframework.web.filter.OncePerRequestFilter.doFilter(OncePerRequestFilter.java:116)
	at org.apache.catalina.core.ApplicationFilterChain.internalDoFilter(ApplicationFilterChain.java:164)
	at org.apache.catalina.core.ApplicationFilterChain.doFilter(ApplicationFilterChain.java:140)
	at org.springframework.web.filter.FormContentFilter.doFilterInternal(FormContentFilter.java:93)
	at org.springframework.web.filter.OncePerRequestFilter.doFilter(OncePerRequestFilter.java:116)
	at org.apache.catalina.core.ApplicationFilterChain.internalDoFilter(ApplicationFilterChain.java:164)
	at org.apache.catalina.core.ApplicationFilterChain.doFilter(ApplicationFilterChain.java:140)
	at org.springframework.web.filter.CharacterEncodingFilter.doFilterInternal(CharacterEncodingFilter.java:201)
	at org.springframework.web.filter.OncePerRequestFilter.doFilter(OncePerRequestFilter.java:116)
	at org.apache.catalina.core.ApplicationFilterChain.internalDoFilter(ApplicationFilterChain.java:164)
	at org.apache.catalina.core.ApplicationFilterChain.doFilter(ApplicationFilterChain.java:140)
	at org.apache.catalina.core.StandardWrapperValve.invoke(StandardWrapperValve.java:167)
	at org.apache.catalina.core.StandardContextValve.invoke(StandardContextValve.java:90)
	at org.apache.catalina.authenticator.AuthenticatorBase.invoke(AuthenticatorBase.java:483)
	at org.apache.catalina.core.StandardHostValve.invoke(StandardHostValve.java:115)
	at org.apache.catalina.valves.ErrorReportValve.invoke(ErrorReportValve.java:93)
	at org.apache.catalina.core.StandardEngineValve.invoke(StandardEngineValve.java:74)
	at org.apache.catalina.connector.CoyoteAdapter.service(CoyoteAdapter.java:344)
	at org.apache.coyote.http11.Http11Processor.service(Http11Processor.java:384)
	at org.apache.coyote.AbstractProcessorLight.process(AbstractProcessorLight.java:63)
	at org.apache.coyote.AbstractProtocol$ConnectionHandler.process(AbstractProtocol.java:905)
	at org.apache.tomcat.util.net.NioEndpoint$SocketProcessor.doRun(NioEndpoint.java:1741)
	at org.apache.tomcat.util.net.SocketProcessorBase.run(SocketProcessorBase.java:52)
	at org.apache.tomcat.util.threads.ThreadPoolExecutor.runWorker(ThreadPoolExecutor.java:1190)
	at org.apache.tomcat.util.threads.ThreadPoolExecutor$Worker.run(ThreadPoolExecutor.java:659)
	at org.apache.tomcat.util.threads.TaskThread$WrappingRunnable.run(TaskThread.java:63)
	at java.base/java.lang.Thread.run(Thread.java:842)
Caused by: io.jsonwebtoken.ExpiredJwtException: JWT expired at 2025-07-12T10:50:18Z. Current time: 2025-07-12T11:01:31Z, a difference of 673406 milliseconds.  Allowed clock skew: 0 milliseconds.
	at io.jsonwebtoken.impl.DefaultJwtParser.parse(DefaultJwtParser.java:427)
	at io.jsonwebtoken.impl.DefaultJwtParser.parse(DefaultJwtParser.java:529)
	at io.jsonwebtoken.impl.DefaultJwtParser.parseClaimsJws(DefaultJwtParser.java:589)
	at io.jsonwebtoken.impl.ImmutableJwtParser.parseClaimsJws(ImmutableJwtParser.java:173)
	at com.example.graduate.service.impl.JwtService.extractClaims(JwtService.java:86)
	... 62 common frames omitted
2025-07-12 18:02:33.292 [restartedMain] INFO  c.e.graduate.GraduateApplication - Starting GraduateApplication using Java 17.0.13 with PID 20536 (D:\NTASPORT\JAVA-PROJECT\SpringBoot\graduation-manager\server\target\classes started by Admin in D:\NTASPORT\JAVA-PROJECT\SpringBoot\graduation-manager\server)
2025-07-12 18:02:33.292 [restartedMain] INFO  c.e.graduate.GraduateApplication - No active profile set, falling back to 1 default profile: "default"
2025-07-12 18:02:40.102 [restartedMain] INFO  c.e.graduate.GraduateApplication - Started GraduateApplication in 7.175 seconds (process running for 7.732)
2025-07-12 18:06:57.697 [restartedMain] INFO  c.e.graduate.GraduateApplication - Starting GraduateApplication using Java 17.0.13 with PID 21196 (D:\NTASPORT\JAVA-PROJECT\SpringBoot\graduation-manager\server\target\classes started by Admin in D:\NTASPORT\JAVA-PROJECT\SpringBoot\graduation-manager\server)
2025-07-12 18:06:57.699 [restartedMain] INFO  c.e.graduate.GraduateApplication - No active profile set, falling back to 1 default profile: "default"
2025-07-12 18:07:03.568 [restartedMain] INFO  c.e.graduate.GraduateApplication - Started GraduateApplication in 6.168 seconds (process running for 6.657)
2025-07-12 18:11:36.695 [restartedMain] INFO  c.e.graduate.GraduateApplication - Starting GraduateApplication using Java 17.0.13 with PID 21196 (D:\NTASPORT\JAVA-PROJECT\SpringBoot\graduation-manager\server\target\classes started by Admin in D:\NTASPORT\JAVA-PROJECT\SpringBoot\graduation-manager\server)
2025-07-12 18:11:36.696 [restartedMain] INFO  c.e.graduate.GraduateApplication - No active profile set, falling back to 1 default profile: "default"
2025-07-12 18:11:39.408 [restartedMain] INFO  c.e.graduate.GraduateApplication - Started GraduateApplication in 2.778 seconds (process running for 282.498)
2025-07-12 18:11:46.103 [http-nio-8080-exec-5] ERROR o.a.c.c.C.[.[.[.[dispatcherServlet] - Servlet.service() for servlet [dispatcherServlet] in context with path [] threw exception
com.example.graduate.exception.JwtAuthenticationException: Token ?ã h?t h?n
	at com.example.graduate.service.impl.JwtService.extractClaims(JwtService.java:89)
	at com.example.graduate.service.impl.JwtService.extractUsername(JwtService.java:69)
	at com.example.graduate.config.AuthenticationFilter.doFilterInternal(AuthenticationFilter.java:43)
	at org.springframework.web.filter.OncePerRequestFilter.doFilter(OncePerRequestFilter.java:116)
	at org.springframework.security.web.FilterChainProxy$VirtualFilterChain.doFilter(FilterChainProxy.java:374)
	at org.springframework.security.web.authentication.logout.LogoutFilter.doFilter(LogoutFilter.java:107)
	at org.springframework.security.web.authentication.logout.LogoutFilter.doFilter(LogoutFilter.java:93)
	at org.springframework.security.web.FilterChainProxy$VirtualFilterChain.doFilter(FilterChainProxy.java:374)
	at org.springframework.web.filter.CorsFilter.doFilterInternal(CorsFilter.java:91)
	at org.springframework.web.filter.OncePerRequestFilter.doFilter(OncePerRequestFilter.java:116)
	at org.springframework.security.web.FilterChainProxy$VirtualFilterChain.doFilter(FilterChainProxy.java:374)
	at org.springframework.security.web.header.HeaderWriterFilter.doHeadersAfter(HeaderWriterFilter.java:90)
	at org.springframework.security.web.header.HeaderWriterFilter.doFilterInternal(HeaderWriterFilter.java:75)
	at org.springframework.web.filter.OncePerRequestFilter.doFilter(OncePerRequestFilter.java:116)
	at org.springframework.security.web.FilterChainProxy$VirtualFilterChain.doFilter(FilterChainProxy.java:374)
	at org.springframework.security.web.context.SecurityContextHolderFilter.doFilter(SecurityContextHolderFilter.java:82)
	at org.springframework.security.web.context.SecurityContextHolderFilter.doFilter(SecurityContextHolderFilter.java:69)
	at org.springframework.security.web.FilterChainProxy$VirtualFilterChain.doFilter(FilterChainProxy.java:374)
	at org.springframework.security.web.context.request.async.WebAsyncManagerIntegrationFilter.doFilterInternal(WebAsyncManagerIntegrationFilter.java:62)
	at org.springframework.web.filter.OncePerRequestFilter.doFilter(OncePerRequestFilter.java:116)
	at org.springframework.security.web.FilterChainProxy$VirtualFilterChain.doFilter(FilterChainProxy.java:374)
	at org.springframework.security.web.session.DisableEncodeUrlFilter.doFilterInternal(DisableEncodeUrlFilter.java:42)
	at org.springframework.web.filter.OncePerRequestFilter.doFilter(OncePerRequestFilter.java:116)
	at org.springframework.security.web.FilterChainProxy$VirtualFilterChain.doFilter(FilterChainProxy.java:374)
	at org.springframework.security.web.FilterChainProxy.doFilterInternal(FilterChainProxy.java:233)
	at org.springframework.security.web.FilterChainProxy.doFilter(FilterChainProxy.java:191)
	at org.springframework.web.filter.CompositeFilter$VirtualFilterChain.doFilter(CompositeFilter.java:113)
	at org.springframework.web.servlet.handler.HandlerMappingIntrospector.lambda$createCacheFilter$3(HandlerMappingIntrospector.java:195)
	at org.springframework.web.filter.CompositeFilter$VirtualFilterChain.doFilter(CompositeFilter.java:113)
	at org.springframework.web.filter.CompositeFilter.doFilter(CompositeFilter.java:74)
	at org.springframework.security.config.annotation.web.configuration.WebMvcSecurityConfiguration$CompositeFilterChainProxy.doFilter(WebMvcSecurityConfiguration.java:230)
	at org.springframework.web.filter.DelegatingFilterProxy.invokeDelegate(DelegatingFilterProxy.java:352)
	at org.springframework.web.filter.DelegatingFilterProxy.doFilter(DelegatingFilterProxy.java:268)
	at org.apache.catalina.core.ApplicationFilterChain.internalDoFilter(ApplicationFilterChain.java:164)
	at org.apache.catalina.core.ApplicationFilterChain.doFilter(ApplicationFilterChain.java:140)
	at org.springframework.web.filter.RequestContextFilter.doFilterInternal(RequestContextFilter.java:100)
	at org.springframework.web.filter.OncePerRequestFilter.doFilter(OncePerRequestFilter.java:116)
	at org.apache.catalina.core.ApplicationFilterChain.internalDoFilter(ApplicationFilterChain.java:164)
	at org.apache.catalina.core.ApplicationFilterChain.doFilter(ApplicationFilterChain.java:140)
	at org.springframework.web.filter.FormContentFilter.doFilterInternal(FormContentFilter.java:93)
	at org.springframework.web.filter.OncePerRequestFilter.doFilter(OncePerRequestFilter.java:116)
	at org.apache.catalina.core.ApplicationFilterChain.internalDoFilter(ApplicationFilterChain.java:164)
	at org.apache.catalina.core.ApplicationFilterChain.doFilter(ApplicationFilterChain.java:140)
	at org.springframework.web.filter.CharacterEncodingFilter.doFilterInternal(CharacterEncodingFilter.java:201)
	at org.springframework.web.filter.OncePerRequestFilter.doFilter(OncePerRequestFilter.java:116)
	at org.apache.catalina.core.ApplicationFilterChain.internalDoFilter(ApplicationFilterChain.java:164)
	at org.apache.catalina.core.ApplicationFilterChain.doFilter(ApplicationFilterChain.java:140)
	at org.apache.catalina.core.StandardWrapperValve.invoke(StandardWrapperValve.java:167)
	at org.apache.catalina.core.StandardContextValve.invoke(StandardContextValve.java:90)
	at org.apache.catalina.authenticator.AuthenticatorBase.invoke(AuthenticatorBase.java:483)
	at org.apache.catalina.core.StandardHostValve.invoke(StandardHostValve.java:115)
	at org.apache.catalina.valves.ErrorReportValve.invoke(ErrorReportValve.java:93)
	at org.apache.catalina.core.StandardEngineValve.invoke(StandardEngineValve.java:74)
	at org.apache.catalina.connector.CoyoteAdapter.service(CoyoteAdapter.java:344)
	at org.apache.coyote.http11.Http11Processor.service(Http11Processor.java:384)
	at org.apache.coyote.AbstractProcessorLight.process(AbstractProcessorLight.java:63)
	at org.apache.coyote.AbstractProtocol$ConnectionHandler.process(AbstractProtocol.java:905)
	at org.apache.tomcat.util.net.NioEndpoint$SocketProcessor.doRun(NioEndpoint.java:1741)
	at org.apache.tomcat.util.net.SocketProcessorBase.run(SocketProcessorBase.java:52)
	at org.apache.tomcat.util.threads.ThreadPoolExecutor.runWorker(ThreadPoolExecutor.java:1190)
	at org.apache.tomcat.util.threads.ThreadPoolExecutor$Worker.run(ThreadPoolExecutor.java:659)
	at org.apache.tomcat.util.threads.TaskThread$WrappingRunnable.run(TaskThread.java:63)
	at java.base/java.lang.Thread.run(Thread.java:842)
Caused by: io.jsonwebtoken.ExpiredJwtException: JWT expired at 2025-07-12T10:50:18Z. Current time: 2025-07-12T11:11:46Z, a difference of 1288098 milliseconds.  Allowed clock skew: 0 milliseconds.
	at io.jsonwebtoken.impl.DefaultJwtParser.parse(DefaultJwtParser.java:427)
	at io.jsonwebtoken.impl.DefaultJwtParser.parse(DefaultJwtParser.java:529)
	at io.jsonwebtoken.impl.DefaultJwtParser.parseClaimsJws(DefaultJwtParser.java:589)
	at io.jsonwebtoken.impl.ImmutableJwtParser.parseClaimsJws(ImmutableJwtParser.java:173)
	at com.example.graduate.service.impl.JwtService.extractClaims(JwtService.java:86)
	... 62 common frames omitted
2025-07-12 18:12:48.593 [restartedMain] INFO  c.e.graduate.GraduateApplication - Starting GraduateApplication using Java 17.0.13 with PID 21196 (D:\NTASPORT\JAVA-PROJECT\SpringBoot\graduation-manager\server\target\classes started by Admin in D:\NTASPORT\JAVA-PROJECT\SpringBoot\graduation-manager\server)
2025-07-12 18:12:48.594 [restartedMain] INFO  c.e.graduate.GraduateApplication - No active profile set, falling back to 1 default profile: "default"
2025-07-12 18:12:50.924 [restartedMain] INFO  c.e.graduate.GraduateApplication - Started GraduateApplication in 2.379 seconds (process running for 354.013)
2025-07-12 18:13:29.294 [http-nio-8080-exec-1] ERROR o.h.e.jdbc.spi.SqlExceptionHelper - ERROR: duplicate key value violates unique constraint "uk21719kvfhs6wx1tgy8fd9vtxo"
  Detail: Key (mssv)=(10121743) already exists.
2025-07-12 18:15:48.687 [restartedMain] INFO  c.e.graduate.GraduateApplication - Starting GraduateApplication using Java 17.0.13 with PID 21196 (D:\NTASPORT\JAVA-PROJECT\SpringBoot\graduation-manager\server\target\classes started by Admin in D:\NTASPORT\JAVA-PROJECT\SpringBoot\graduation-manager\server)
2025-07-12 18:15:48.690 [restartedMain] INFO  c.e.graduate.GraduateApplication - No active profile set, falling back to 1 default profile: "default"
2025-07-12 18:15:51.483 [restartedMain] INFO  c.e.graduate.GraduateApplication - Started GraduateApplication in 2.84 seconds (process running for 534.573)
2025-07-12 18:15:53.094 [restartedMain] INFO  c.e.graduate.GraduateApplication - Starting GraduateApplication using Java 17.0.13 with PID 21196 (D:\NTASPORT\JAVA-PROJECT\SpringBoot\graduation-manager\server\target\classes started by Admin in D:\NTASPORT\JAVA-PROJECT\SpringBoot\graduation-manager\server)
2025-07-12 18:15:53.095 [restartedMain] INFO  c.e.graduate.GraduateApplication - No active profile set, falling back to 1 default profile: "default"
2025-07-12 18:15:54.798 [restartedMain] INFO  c.e.graduate.GraduateApplication - Started GraduateApplication in 1.727 seconds (process running for 537.887)
2025-07-12 18:16:04.030 [restartedMain] INFO  c.e.graduate.GraduateApplication - Starting GraduateApplication using Java 17.0.13 with PID 21196 (D:\NTASPORT\JAVA-PROJECT\SpringBoot\graduation-manager\server\target\classes started by Admin in D:\NTASPORT\JAVA-PROJECT\SpringBoot\graduation-manager\server)
2025-07-12 18:16:04.030 [restartedMain] INFO  c.e.graduate.GraduateApplication - No active profile set, falling back to 1 default profile: "default"
2025-07-12 18:16:05.879 [restartedMain] INFO  c.e.graduate.GraduateApplication - Started GraduateApplication in 1.879 seconds (process running for 548.968)
2025-07-12 18:17:05.471 [restartedMain] INFO  c.e.graduate.GraduateApplication - Starting GraduateApplication using Java 17.0.13 with PID 21196 (D:\NTASPORT\JAVA-PROJECT\SpringBoot\graduation-manager\server\target\classes started by Admin in D:\NTASPORT\JAVA-PROJECT\SpringBoot\graduation-manager\server)
2025-07-12 18:17:05.474 [restartedMain] INFO  c.e.graduate.GraduateApplication - No active profile set, falling back to 1 default profile: "default"
2025-07-12 18:17:07.530 [restartedMain] INFO  c.e.graduate.GraduateApplication - Started GraduateApplication in 2.167 seconds (process running for 610.619)
2025-07-12 21:20:49.336 [http-nio-8080-exec-1] ERROR o.a.c.c.C.[.[.[.[dispatcherServlet] - Servlet.service() for servlet [dispatcherServlet] in context with path [] threw exception
com.example.graduate.exception.JwtAuthenticationException: Token ?ã h?t h?n
	at com.example.graduate.service.impl.JwtService.extractClaims(JwtService.java:89)
	at com.example.graduate.service.impl.JwtService.extractUsername(JwtService.java:69)
	at com.example.graduate.config.AuthenticationFilter.doFilterInternal(AuthenticationFilter.java:43)
	at org.springframework.web.filter.OncePerRequestFilter.doFilter(OncePerRequestFilter.java:116)
	at org.springframework.security.web.FilterChainProxy$VirtualFilterChain.doFilter(FilterChainProxy.java:374)
	at org.springframework.security.web.authentication.logout.LogoutFilter.doFilter(LogoutFilter.java:107)
	at org.springframework.security.web.authentication.logout.LogoutFilter.doFilter(LogoutFilter.java:93)
	at org.springframework.security.web.FilterChainProxy$VirtualFilterChain.doFilter(FilterChainProxy.java:374)
	at org.springframework.web.filter.CorsFilter.doFilterInternal(CorsFilter.java:91)
	at org.springframework.web.filter.OncePerRequestFilter.doFilter(OncePerRequestFilter.java:116)
	at org.springframework.security.web.FilterChainProxy$VirtualFilterChain.doFilter(FilterChainProxy.java:374)
	at org.springframework.security.web.header.HeaderWriterFilter.doHeadersAfter(HeaderWriterFilter.java:90)
	at org.springframework.security.web.header.HeaderWriterFilter.doFilterInternal(HeaderWriterFilter.java:75)
	at org.springframework.web.filter.OncePerRequestFilter.doFilter(OncePerRequestFilter.java:116)
	at org.springframework.security.web.FilterChainProxy$VirtualFilterChain.doFilter(FilterChainProxy.java:374)
	at org.springframework.security.web.context.SecurityContextHolderFilter.doFilter(SecurityContextHolderFilter.java:82)
	at org.springframework.security.web.context.SecurityContextHolderFilter.doFilter(SecurityContextHolderFilter.java:69)
	at org.springframework.security.web.FilterChainProxy$VirtualFilterChain.doFilter(FilterChainProxy.java:374)
	at org.springframework.security.web.context.request.async.WebAsyncManagerIntegrationFilter.doFilterInternal(WebAsyncManagerIntegrationFilter.java:62)
	at org.springframework.web.filter.OncePerRequestFilter.doFilter(OncePerRequestFilter.java:116)
	at org.springframework.security.web.FilterChainProxy$VirtualFilterChain.doFilter(FilterChainProxy.java:374)
	at org.springframework.security.web.session.DisableEncodeUrlFilter.doFilterInternal(DisableEncodeUrlFilter.java:42)
	at org.springframework.web.filter.OncePerRequestFilter.doFilter(OncePerRequestFilter.java:116)
	at org.springframework.security.web.FilterChainProxy$VirtualFilterChain.doFilter(FilterChainProxy.java:374)
	at org.springframework.security.web.FilterChainProxy.doFilterInternal(FilterChainProxy.java:233)
	at org.springframework.security.web.FilterChainProxy.doFilter(FilterChainProxy.java:191)
	at org.springframework.web.filter.CompositeFilter$VirtualFilterChain.doFilter(CompositeFilter.java:113)
	at org.springframework.web.servlet.handler.HandlerMappingIntrospector.lambda$createCacheFilter$3(HandlerMappingIntrospector.java:195)
	at org.springframework.web.filter.CompositeFilter$VirtualFilterChain.doFilter(CompositeFilter.java:113)
	at org.springframework.web.filter.CompositeFilter.doFilter(CompositeFilter.java:74)
	at org.springframework.security.config.annotation.web.configuration.WebMvcSecurityConfiguration$CompositeFilterChainProxy.doFilter(WebMvcSecurityConfiguration.java:230)
	at org.springframework.web.filter.DelegatingFilterProxy.invokeDelegate(DelegatingFilterProxy.java:352)
	at org.springframework.web.filter.DelegatingFilterProxy.doFilter(DelegatingFilterProxy.java:268)
	at org.apache.catalina.core.ApplicationFilterChain.internalDoFilter(ApplicationFilterChain.java:164)
	at org.apache.catalina.core.ApplicationFilterChain.doFilter(ApplicationFilterChain.java:140)
	at org.springframework.web.filter.RequestContextFilter.doFilterInternal(RequestContextFilter.java:100)
	at org.springframework.web.filter.OncePerRequestFilter.doFilter(OncePerRequestFilter.java:116)
	at org.apache.catalina.core.ApplicationFilterChain.internalDoFilter(ApplicationFilterChain.java:164)
	at org.apache.catalina.core.ApplicationFilterChain.doFilter(ApplicationFilterChain.java:140)
	at org.springframework.web.filter.FormContentFilter.doFilterInternal(FormContentFilter.java:93)
	at org.springframework.web.filter.OncePerRequestFilter.doFilter(OncePerRequestFilter.java:116)
	at org.apache.catalina.core.ApplicationFilterChain.internalDoFilter(ApplicationFilterChain.java:164)
	at org.apache.catalina.core.ApplicationFilterChain.doFilter(ApplicationFilterChain.java:140)
	at org.springframework.web.filter.CharacterEncodingFilter.doFilterInternal(CharacterEncodingFilter.java:201)
	at org.springframework.web.filter.OncePerRequestFilter.doFilter(OncePerRequestFilter.java:116)
	at org.apache.catalina.core.ApplicationFilterChain.internalDoFilter(ApplicationFilterChain.java:164)
	at org.apache.catalina.core.ApplicationFilterChain.doFilter(ApplicationFilterChain.java:140)
	at org.apache.catalina.core.StandardWrapperValve.invoke(StandardWrapperValve.java:167)
	at org.apache.catalina.core.StandardContextValve.invoke(StandardContextValve.java:90)
	at org.apache.catalina.authenticator.AuthenticatorBase.invoke(AuthenticatorBase.java:483)
	at org.apache.catalina.core.StandardHostValve.invoke(StandardHostValve.java:115)
	at org.apache.catalina.valves.ErrorReportValve.invoke(ErrorReportValve.java:93)
	at org.apache.catalina.core.StandardEngineValve.invoke(StandardEngineValve.java:74)
	at org.apache.catalina.connector.CoyoteAdapter.service(CoyoteAdapter.java:344)
	at org.apache.coyote.http11.Http11Processor.service(Http11Processor.java:384)
	at org.apache.coyote.AbstractProcessorLight.process(AbstractProcessorLight.java:63)
	at org.apache.coyote.AbstractProtocol$ConnectionHandler.process(AbstractProtocol.java:905)
	at org.apache.tomcat.util.net.NioEndpoint$SocketProcessor.doRun(NioEndpoint.java:1741)
	at org.apache.tomcat.util.net.SocketProcessorBase.run(SocketProcessorBase.java:52)
	at org.apache.tomcat.util.threads.ThreadPoolExecutor.runWorker(ThreadPoolExecutor.java:1190)
	at org.apache.tomcat.util.threads.ThreadPoolExecutor$Worker.run(ThreadPoolExecutor.java:659)
	at org.apache.tomcat.util.threads.TaskThread$WrappingRunnable.run(TaskThread.java:63)
	at java.base/java.lang.Thread.run(Thread.java:842)
Caused by: io.jsonwebtoken.ExpiredJwtException: JWT expired at 2025-07-12T04:32:24Z. Current time: 2025-07-12T14:20:49Z, a difference of 35305308 milliseconds.  Allowed clock skew: 0 milliseconds.
	at io.jsonwebtoken.impl.DefaultJwtParser.parse(DefaultJwtParser.java:427)
	at io.jsonwebtoken.impl.DefaultJwtParser.parse(DefaultJwtParser.java:529)
	at io.jsonwebtoken.impl.DefaultJwtParser.parseClaimsJws(DefaultJwtParser.java:589)
	at io.jsonwebtoken.impl.ImmutableJwtParser.parseClaimsJws(ImmutableJwtParser.java:173)
	at com.example.graduate.service.impl.JwtService.extractClaims(JwtService.java:86)
	... 62 common frames omitted
2025-07-12 21:20:59.698 [http-nio-8080-exec-2] INFO  c.e.g.s.i.AuthenticationServiceImpl - User vankhoa@gmail.com logged in successfully
2025-07-12 21:27:45.775 [restartedMain] INFO  c.e.graduate.GraduateApplication - Starting GraduateApplication using Java 17.0.13 with PID 21196 (D:\NTASPORT\JAVA-PROJECT\SpringBoot\graduation-manager\server\target\classes started by Admin in D:\NTASPORT\JAVA-PROJECT\SpringBoot\graduation-manager\server)
2025-07-12 21:27:45.779 [restartedMain] INFO  c.e.graduate.GraduateApplication - No active profile set, falling back to 1 default profile: "default"
2025-07-12 21:27:54.405 [restartedMain] INFO  c.e.graduate.GraduateApplication - Started GraduateApplication in 8.88 seconds (process running for 12057.495)
2025-07-12 21:28:31.197 [restartedMain] INFO  c.e.graduate.GraduateApplication - Starting GraduateApplication using Java 17.0.13 with PID 21196 (D:\NTASPORT\JAVA-PROJECT\SpringBoot\graduation-manager\server\target\classes started by Admin in D:\NTASPORT\JAVA-PROJECT\SpringBoot\graduation-manager\server)
2025-07-12 21:28:31.198 [restartedMain] INFO  c.e.graduate.GraduateApplication - No active profile set, falling back to 1 default profile: "default"
2025-07-12 21:28:33.653 [restartedMain] INFO  c.e.graduate.GraduateApplication - Started GraduateApplication in 2.489 seconds (process running for 12096.742)
2025-07-12 21:28:46.564 [restartedMain] INFO  c.e.graduate.GraduateApplication - Starting GraduateApplication using Java 17.0.13 with PID 21196 (D:\NTASPORT\JAVA-PROJECT\SpringBoot\graduation-manager\server\target\classes started by Admin in D:\NTASPORT\JAVA-PROJECT\SpringBoot\graduation-manager\server)
2025-07-12 21:28:46.565 [restartedMain] INFO  c.e.graduate.GraduateApplication - No active profile set, falling back to 1 default profile: "default"
2025-07-12 21:28:48.097 [restartedMain] INFO  c.e.graduate.GraduateApplication - Started GraduateApplication in 1.556 seconds (process running for 12111.186)
2025-07-12 21:32:50.827 [restartedMain] INFO  c.e.graduate.GraduateApplication - Starting GraduateApplication using Java 17.0.13 with PID 21196 (D:\NTASPORT\JAVA-PROJECT\SpringBoot\graduation-manager\server\target\classes started by Admin in D:\NTASPORT\JAVA-PROJECT\SpringBoot\graduation-manager\server)
2025-07-12 21:32:50.832 [restartedMain] INFO  c.e.graduate.GraduateApplication - No active profile set, falling back to 1 default profile: "default"
2025-07-12 21:32:53.040 [restartedMain] INFO  c.e.graduate.GraduateApplication - Started GraduateApplication in 2.378 seconds (process running for 12356.129)
2025-07-12 21:33:24.356 [restartedMain] INFO  c.e.graduate.GraduateApplication - Starting GraduateApplication using Java 17.0.13 with PID 21196 (D:\NTASPORT\JAVA-PROJECT\SpringBoot\graduation-manager\server\target\classes started by Admin in D:\NTASPORT\JAVA-PROJECT\SpringBoot\graduation-manager\server)
2025-07-12 21:33:24.356 [restartedMain] INFO  c.e.graduate.GraduateApplication - No active profile set, falling back to 1 default profile: "default"
2025-07-12 21:33:26.043 [restartedMain] INFO  c.e.graduate.GraduateApplication - Started GraduateApplication in 1.71 seconds (process running for 12389.132)
2025-07-12 21:33:44.084 [restartedMain] INFO  c.e.graduate.GraduateApplication - Starting GraduateApplication using Java 17.0.13 with PID 21196 (D:\NTASPORT\JAVA-PROJECT\SpringBoot\graduation-manager\server\target\classes started by Admin in D:\NTASPORT\JAVA-PROJECT\SpringBoot\graduation-manager\server)
2025-07-12 21:33:44.084 [restartedMain] INFO  c.e.graduate.GraduateApplication - No active profile set, falling back to 1 default profile: "default"
2025-07-12 21:33:45.670 [restartedMain] INFO  c.e.graduate.GraduateApplication - Started GraduateApplication in 1.607 seconds (process running for 12408.762)
2025-07-12 21:35:20.807 [restartedMain] INFO  c.e.graduate.GraduateApplication - Starting GraduateApplication using Java 17.0.13 with PID 21196 (D:\NTASPORT\JAVA-PROJECT\SpringBoot\graduation-manager\server\target\classes started by Admin in D:\NTASPORT\JAVA-PROJECT\SpringBoot\graduation-manager\server)
2025-07-12 21:35:20.810 [restartedMain] INFO  c.e.graduate.GraduateApplication - No active profile set, falling back to 1 default profile: "default"
2025-07-12 21:35:23.022 [restartedMain] INFO  c.e.graduate.GraduateApplication - Started GraduateApplication in 2.307 seconds (process running for 12506.111)
2025-07-12 21:35:27.781 [restartedMain] INFO  c.e.graduate.GraduateApplication - Starting GraduateApplication using Java 17.0.13 with PID 21196 (D:\NTASPORT\JAVA-PROJECT\SpringBoot\graduation-manager\server\target\classes started by Admin in D:\NTASPORT\JAVA-PROJECT\SpringBoot\graduation-manager\server)
2025-07-12 21:35:27.782 [restartedMain] INFO  c.e.graduate.GraduateApplication - No active profile set, falling back to 1 default profile: "default"
2025-07-12 21:35:29.500 [restartedMain] INFO  c.e.graduate.GraduateApplication - Started GraduateApplication in 1.74 seconds (process running for 12512.589)
2025-07-12 21:36:39.304 [http-nio-8080-exec-2] INFO  c.e.g.s.i.AuthenticationServiceImpl - User  lec@email.com logged in successfully
