#
# There is insufficient memory for the Java Runtime Environment to continue.
# Native memory allocation (malloc) failed to allocate 1048576 bytes for AllocateHeap
# Possible reasons:
#   The system is out of physical RAM or swap space
#   The process is running with CompressedOops enabled, and the Java Heap may be blocking the growth of the native heap
# Possible solutions:
#   Reduce memory load on the system
#   Increase physical memory or swap space
#   Check if swap backing store is full
#   Decrease Java heap size (-Xmx/-Xms)
#   Decrease number of Java threads
#   Decrease Java thread stack sizes (-Xss)
#   Set larger code cache with -XX:ReservedCodeCacheSize=
#   JVM is running with Unscaled Compressed Oops mode in which the Java heap is
#     placed in the first 4GB address space. The Java Heap base address is the
#     maximum limit for the native heap growth. Please use -XX:HeapBaseMinAddress
#     to set the Java Heap base and to place the Java Heap above 4GB virtual address.
# This output file may be truncated or incomplete.
#
#  Out of Memory Error (allocation.cpp:44), pid=21196, tid=15912
#
# JRE version: Java(TM) SE Runtime Environment (17.0.13+10) (build 17.0.13+10-LTS-268)
# Java VM: Java HotSpot(TM) 64-Bit Server VM (17.0.13+10-LTS-268, mixed mode, emulated-client, sharing, tiered, compressed oops, compressed class ptrs, g1 gc, windows-amd64)
# No core dump will be written. Minidumps are not enabled by default on client versions of Windows
#

---------------  S U M M A R Y ------------

Command Line: -XX:TieredStopAtLevel=1 com.example.graduate.GraduateApplication

Host: 11th Gen Intel(R) Core(TM) i5-1135G7 @ 2.40GHz, 8 cores, 7G,  Windows 10 , 64 bit Build 19041 (10.0.19041.5915)
Time: Sat Jul 12 22:53:51 2025 SE Asia Standard Time elapsed time: 17215.087965 seconds (0d 4h 46m 55s)

---------------  T H R E A D  ---------------

Current thread (0x000001e6a4d97560):  VMThread "VM Thread" [stack: 0x0000002513b00000,0x0000002513c00000] [id=15912]

Stack: [0x0000002513b00000,0x0000002513c00000]
Native frames: (J=compiled Java code, j=interpreted, Vv=VM code, C=native code)
V  [jvm.dll+0x67a23a]
V  [jvm.dll+0x7da96d]
V  [jvm.dll+0x7dc2b3]
V  [jvm.dll+0x7dc923]
V  [jvm.dll+0x2450ef]
V  [jvm.dll+0xa5e4b]
V  [jvm.dll+0x2f3223]
V  [jvm.dll+0x2ef1a0]
V  [jvm.dll+0x2d7937]
V  [jvm.dll+0x31a757]
V  [jvm.dll+0x7e121b]
V  [jvm.dll+0x7e1f54]
V  [jvm.dll+0x7e246d]
V  [jvm.dll+0x7e2844]
V  [jvm.dll+0x7e2910]
V  [jvm.dll+0x78af1a]
V  [jvm.dll+0x679125]
C  [ucrtbase.dll+0x21bb2]
C  [KERNEL32.DLL+0x17374]
C  [ntdll.dll+0x4cc91]

VM_Operation (0x00000025134ff330): G1CollectFull, mode: safepoint, requested by thread 0x000001e6f262d3f0


---------------  P R O C E S S  ---------------

Threads class SMR info:
_java_thread_list=0x000001e6f304f120, length=85, elements={
0x000001e6a4d9c070, 0x000001e6a4d9da40, 0x000001e6a4db1920, 0x000001e6a4db22e0,
0x000001e6a4db2ca0, 0x000001e6a4db3660, 0x000001e6a4db6030, 0x000001e6a4db9f30,
0x000001e6ea0e1f30, 0x000001e6ea0e9620, 0x000001e6ecb450a0, 0x000001e6ecb44170,
0x000001e6ecb44680, 0x000001e6ecb45fd0, 0x000001e6ecb43240, 0x000001e6ecb404b0,
0x000001e6ecb3fa90, 0x000001e6ecb464e0, 0x000001e6ed0cb240, 0x000001e6ed0cc170,
0x000001e6ed0ccb90, 0x000001e6ed0cad30, 0x000001e6ed0cd5b0, 0x000001e6ed0ce4e0,
0x000001e6ed0ca820, 0x000001e6ecb42820, 0x000001e6ed0ce9f0, 0x000001e6ecb3f070,
0x000001e6ed0c9e00, 0x000001e6ecb469f0, 0x000001e6ed0ca310, 0x000001e6ecb3f580,
0x000001e6eb2df130, 0x000001e6ecb413e0, 0x000001e6ed0c7a90, 0x000001e6ed0c7580,
0x000001e6ecb41e00, 0x000001e6ed0cbc60, 0x000001e6ecb42d30, 0x000001e6eb2dd7e0,
0x000001e6f29f28d0, 0x000001e6f29f1490, 0x000001e6f29edce0, 0x000001e6f29eec10,
0x000001e6f29f32f0, 0x000001e6f29f19a0, 0x000001e6f29f0a70, 0x000001e6f29ec8a0,
0x000001e6f29f23c0, 0x000001e6f29ebe80, 0x000001e6f29f1eb0, 0x000001e6f29f3800,
0x000001e6f29f2de0, 0x000001e6f29ec390, 0x000001e6f29f0f80, 0x000001e6f29f0050,
0x000001e6f29ee1f0, 0x000001e6f29ef120, 0x000001e6f29f0560, 0x000001e6f29ef630,
0x000001e6f29ed7d0, 0x000001e6f29ee700, 0x000001e6ed0c7070, 0x000001e6f29ed2c0,
0x000001e6f2e9d870, 0x000001e6f2e9a5d0, 0x000001e6f2e99bb0, 0x000001e6f2e9e7a0,
0x000001e6ed125430, 0x000001e6f2e9aae0, 0x000001e6f3cc1ba0, 0x000001e6f2e9dd80,
0x000001e6f2703100, 0x000001e6ed124f20, 0x000001e6f2e3eb40, 0x000001e6f262c4c0,
0x000001e6ed125940, 0x000001e6f3023200, 0x000001e6f3020e90, 0x000001e6f2e9ba10,
0x000001e6f3d958e0, 0x000001e6f3d953d0, 0x000001e6f2e9a0c0, 0x000001e6f3d95df0,
0x000001e6f262d3f0
}

Java Threads: ( => current thread )
  0x000001e6a4d9c070 JavaThread "Reference Handler" daemon [_thread_blocked, id=16380, stack(0x0000002513c00000,0x0000002513d00000)]
  0x000001e6a4d9da40 JavaThread "Finalizer" daemon [_thread_blocked, id=10748, stack(0x0000002513d00000,0x0000002513e00000)]
  0x000001e6a4db1920 JavaThread "Signal Dispatcher" daemon [_thread_blocked, id=18264, stack(0x0000002513e00000,0x0000002513f00000)]
  0x000001e6a4db22e0 JavaThread "Attach Listener" daemon [_thread_blocked, id=20176, stack(0x0000002513f00000,0x0000002514000000)]
  0x000001e6a4db2ca0 JavaThread "Service Thread" daemon [_thread_blocked, id=12996, stack(0x0000002514000000,0x0000002514100000)]
  0x000001e6a4db3660 JavaThread "Monitor Deflation Thread" daemon [_thread_blocked, id=4640, stack(0x0000002514100000,0x0000002514200000)]
  0x000001e6a4db6030 JavaThread "C1 CompilerThread0" daemon [_thread_blocked, id=7260, stack(0x0000002514200000,0x0000002514300000)]
  0x000001e6a4db9f30 JavaThread "Sweeper thread" daemon [_thread_blocked, id=12464, stack(0x0000002514300000,0x0000002514400000)]
  0x000001e6ea0e1f30 JavaThread "Notification Thread" daemon [_thread_blocked, id=16388, stack(0x0000002514600000,0x0000002514700000)]
  0x000001e6ea0e9620 JavaThread "Common-Cleaner" daemon [_thread_blocked, id=13492, stack(0x0000002514800000,0x0000002514900000)]
  0x000001e6ecb450a0 JavaThread "Live Reload Server" daemon [_thread_in_native, id=19476, stack(0x0000002515c00000,0x0000002515d00000)]
  0x000001e6ecb44170 JavaThread "DestroyJavaVM" [_thread_blocked, id=2820, stack(0x0000002513500000,0x0000002513600000)]
  0x000001e6ecb44680 JavaThread "File Watcher" daemon [_thread_blocked, id=18300, stack(0x0000002514500000,0x0000002514600000)]
  0x000001e6ecb45fd0 JavaThread "File Watcher" daemon [_thread_blocked, id=7784, stack(0x0000002514f00000,0x0000002515000000)]
  0x000001e6ecb43240 JavaThread "File Watcher" daemon [_thread_blocked, id=13776, stack(0x0000002514400000,0x0000002514500000)]
  0x000001e6ecb404b0 JavaThread "File Watcher" daemon [_thread_blocked, id=17524, stack(0x0000002515000000,0x0000002515100000)]
  0x000001e6ecb3fa90 JavaThread "File Watcher" daemon [_thread_blocked, id=16064, stack(0x0000002515500000,0x0000002515600000)]
  0x000001e6ecb464e0 JavaThread "File Watcher" daemon [_thread_blocked, id=20112, stack(0x0000002515600000,0x0000002515700000)]
  0x000001e6ed0cb240 JavaThread "File Watcher" daemon [_thread_blocked, id=20944, stack(0x0000002515900000,0x0000002515a00000)]
  0x000001e6ed0cc170 JavaThread "File Watcher" daemon [_thread_blocked, id=5408, stack(0x0000002515800000,0x0000002515900000)]
  0x000001e6ed0ccb90 JavaThread "File Watcher" daemon [_thread_blocked, id=16404, stack(0x0000002515a00000,0x0000002515b00000)]
  0x000001e6ed0cad30 JavaThread "File Watcher" daemon [_thread_blocked, id=16700, stack(0x0000002515b00000,0x0000002515c00000)]
  0x000001e6ed0cd5b0 JavaThread "File Watcher" daemon [_thread_blocked, id=10032, stack(0x0000002515700000,0x0000002515800000)]
  0x000001e6ed0ce4e0 JavaThread "File Watcher" daemon [_thread_blocked, id=14992, stack(0x0000002515d00000,0x0000002515e00000)]
  0x000001e6ed0ca820 JavaThread "File Watcher" daemon [_thread_blocked, id=11140, stack(0x0000002516200000,0x0000002516300000)]
  0x000001e6ecb42820 JavaThread "File Watcher" daemon [_thread_blocked, id=14716, stack(0x0000002515400000,0x0000002515500000)]
  0x000001e6ed0ce9f0 JavaThread "File Watcher" daemon [_thread_blocked, id=16604, stack(0x0000002513200000,0x0000002513300000)]
  0x000001e6ecb3f070 JavaThread "File Watcher" daemon [_thread_blocked, id=21248, stack(0x0000002513300000,0x0000002513400000)]
  0x000001e6ed0c9e00 JavaThread "File Watcher" daemon [_thread_blocked, id=7684, stack(0x0000002515e00000,0x0000002515f00000)]
  0x000001e6ecb469f0 JavaThread "File Watcher" daemon [_thread_blocked, id=8340, stack(0x0000002516000000,0x0000002516100000)]
  0x000001e6ed0ca310 JavaThread "File Watcher" daemon [_thread_blocked, id=15020, stack(0x0000002515f00000,0x0000002516000000)]
  0x000001e6ecb3f580 JavaThread "File Watcher" daemon [_thread_blocked, id=12772, stack(0x0000002516300000,0x0000002516400000)]
  0x000001e6eb2df130 JavaThread "File Watcher" daemon [_thread_blocked, id=9164, stack(0x0000002516500000,0x0000002516600000)]
  0x000001e6ecb413e0 JavaThread "File Watcher" daemon [_thread_blocked, id=21360, stack(0x0000002516100000,0x0000002516200000)]
  0x000001e6ed0c7a90 JavaThread "File Watcher" daemon [_thread_blocked, id=13764, stack(0x0000002516600000,0x0000002516700000)]
  0x000001e6ed0c7580 JavaThread "File Watcher" daemon [_thread_blocked, id=12668, stack(0x0000002516400000,0x0000002516500000)]
  0x000001e6ecb41e00 JavaThread "File Watcher" daemon [_thread_blocked, id=2664, stack(0x0000002516800000,0x0000002516900000)]
  0x000001e6ed0cbc60 JavaThread "File Watcher" daemon [_thread_blocked, id=4756, stack(0x0000002516a00000,0x0000002516b00000)]
  0x000001e6ecb42d30 JavaThread "File Watcher" daemon [_thread_blocked, id=6348, stack(0x0000002516b00000,0x0000002516c00000)]
  0x000001e6eb2dd7e0 JavaThread "File Watcher" daemon [_thread_blocked, id=9728, stack(0x0000002516d00000,0x0000002516e00000)]
  0x000001e6f29f28d0 JavaThread "File Watcher" daemon [_thread_blocked, id=18628, stack(0x0000002516e00000,0x0000002516f00000)]
  0x000001e6f29f1490 JavaThread "File Watcher" daemon [_thread_blocked, id=2040, stack(0x0000002516c00000,0x0000002516d00000)]
  0x000001e6f29edce0 JavaThread "File Watcher" daemon [_thread_blocked, id=1772, stack(0x0000002516700000,0x0000002516800000)]
  0x000001e6f29eec10 JavaThread "File Watcher" daemon [_thread_blocked, id=9524, stack(0x0000002516900000,0x0000002516a00000)]
  0x000001e6f29f32f0 JavaThread "File Watcher" daemon [_thread_blocked, id=5376, stack(0x0000002517000000,0x0000002517100000)]
  0x000001e6f29f19a0 JavaThread "File Watcher" daemon [_thread_blocked, id=8868, stack(0x0000002517100000,0x0000002517200000)]
  0x000001e6f29f0a70 JavaThread "File Watcher" daemon [_thread_blocked, id=17104, stack(0x0000002517300000,0x0000002517400000)]
  0x000001e6f29ec8a0 JavaThread "File Watcher" daemon [_thread_blocked, id=12872, stack(0x0000002517400000,0x0000002517500000)]
  0x000001e6f29f23c0 JavaThread "File Watcher" daemon [_thread_blocked, id=9612, stack(0x0000002517200000,0x0000002517300000)]
  0x000001e6f29ebe80 JavaThread "File Watcher" daemon [_thread_blocked, id=16684, stack(0x0000002517b00000,0x0000002517c00000)]
  0x000001e6f29f1eb0 JavaThread "File Watcher" daemon [_thread_blocked, id=19596, stack(0x0000002517d00000,0x0000002517e00000)]
  0x000001e6f29f3800 JavaThread "File Watcher" daemon [_thread_blocked, id=8260, stack(0x0000002517c00000,0x0000002517d00000)]
  0x000001e6f29f2de0 JavaThread "File Watcher" daemon [_thread_blocked, id=19904, stack(0x0000002517f00000,0x0000002518000000)]
  0x000001e6f29ec390 JavaThread "File Watcher" daemon [_thread_blocked, id=16936, stack(0x0000002518000000,0x0000002518100000)]
  0x000001e6f29f0f80 JavaThread "File Watcher" daemon [_thread_blocked, id=8560, stack(0x0000002518200000,0x0000002518300000)]
  0x000001e6f29f0050 JavaThread "File Watcher" daemon [_thread_blocked, id=11528, stack(0x0000002518300000,0x0000002518400000)]
  0x000001e6f29ee1f0 JavaThread "File Watcher" daemon [_thread_blocked, id=18460, stack(0x0000002518500000,0x0000002518600000)]
  0x000001e6f29ef120 JavaThread "File Watcher" daemon [_thread_blocked, id=11448, stack(0x0000002517e00000,0x0000002517f00000)]
  0x000001e6f29f0560 JavaThread "File Watcher" daemon [_thread_blocked, id=19696, stack(0x0000002518800000,0x0000002518900000)]
  0x000001e6f29ef630 JavaThread "File Watcher" daemon [_thread_blocked, id=15712, stack(0x0000002518900000,0x0000002518a00000)]
  0x000001e6f29ed7d0 JavaThread "File Watcher" daemon [_thread_blocked, id=5324, stack(0x0000002518400000,0x0000002518500000)]
  0x000001e6f29ee700 JavaThread "File Watcher" daemon [_thread_blocked, id=20332, stack(0x0000002518100000,0x0000002518200000)]
  0x000001e6ed0c7070 JavaThread "File Watcher" daemon [_thread_blocked, id=1448, stack(0x0000002518600000,0x0000002518700000)]
  0x000001e6f29ed2c0 JavaThread "File Watcher" daemon [_thread_blocked, id=9204, stack(0x0000002518a00000,0x0000002518b00000)]
  0x000001e6f2e9d870 JavaThread "File Watcher" daemon [_thread_blocked, id=19736, stack(0x0000002518b00000,0x0000002518c00000)]
  0x000001e6f2e9a5d0 JavaThread "File Watcher" daemon [_thread_blocked, id=21500, stack(0x0000002518700000,0x0000002518800000)]
  0x000001e6f2e99bb0 JavaThread "File Watcher" daemon [_thread_blocked, id=17896, stack(0x0000002518d00000,0x0000002518e00000)]
  0x000001e6f2e9e7a0 JavaThread "File Watcher" daemon [_thread_blocked, id=5044, stack(0x0000002518e00000,0x0000002518f00000)]
  0x000001e6ed125430 JavaThread "File Watcher" daemon [_thread_blocked, id=21220, stack(0x0000002518c00000,0x0000002518d00000)]
  0x000001e6f2e9aae0 JavaThread "File Watcher" daemon [_thread_blocked, id=13524, stack(0x0000002519000000,0x0000002519100000)]
  0x000001e6f3cc1ba0 JavaThread "File Watcher" daemon [_thread_blocked, id=1104, stack(0x0000002519100000,0x0000002519200000)]
  0x000001e6f2e9dd80 JavaThread "File Watcher" daemon [_thread_blocked, id=1576, stack(0x0000002519200000,0x0000002519300000)]
  0x000001e6f2703100 JavaThread "File Watcher" daemon [_thread_blocked, id=8676, stack(0x0000002518f00000,0x0000002519000000)]
  0x000001e6ed124f20 JavaThread "File Watcher" daemon [_thread_blocked, id=15776, stack(0x0000002519400000,0x0000002519500000)]
  0x000001e6f2e3eb40 JavaThread "File Watcher" daemon [_thread_blocked, id=20576, stack(0x0000002519500000,0x0000002519600000)]
  0x000001e6f262c4c0 JavaThread "File Watcher" daemon [_thread_blocked, id=12860, stack(0x0000002519600000,0x0000002519700000)]
  0x000001e6ed125940 JavaThread "File Watcher" daemon [_thread_blocked, id=3492, stack(0x0000002519700000,0x0000002519800000)]
  0x000001e6f3023200 JavaThread "File Watcher" daemon [_thread_blocked, id=12964, stack(0x0000002519900000,0x0000002519a00000)]
  0x000001e6f3020e90 JavaThread "File Watcher" daemon [_thread_blocked, id=1252, stack(0x0000002519800000,0x0000002519900000)]
  0x000001e6f2e9ba10 JavaThread "File Watcher" daemon [_thread_blocked, id=10868, stack(0x0000002519b00000,0x0000002519c00000)]
  0x000001e6f3d958e0 JavaThread "File Watcher" daemon [_thread_blocked, id=3828, stack(0x0000002519d00000,0x0000002519e00000)]
  0x000001e6f3d953d0 JavaThread "File Watcher" daemon [_thread_blocked, id=5804, stack(0x0000002519a00000,0x0000002519b00000)]
  0x000001e6f2e9a0c0 JavaThread "File Watcher" daemon [_thread_blocked, id=12472, stack(0x0000002519300000,0x0000002519400000)]
  0x000001e6f3d95df0 JavaThread "PostgreSQL-JDBC-Cleaner" daemon [_thread_blocked, id=10536, stack(0x0000002519e00000,0x0000002519f00000)]
  0x000001e6f262d3f0 JavaThread "Thread-304" [_thread_blocked, id=7356, stack(0x0000002513400000,0x0000002513500000)]

Other Threads:
=>0x000001e6a4d97560 VMThread "VM Thread" [stack: 0x0000002513b00000,0x0000002513c00000] [id=15912]
  0x000001e692f85820 WatcherThread [stack: 0x0000002514700000,0x0000002514800000] [id=18632]
  0x000001e692f6e830 GCTaskThread "GC Thread#0" [stack: 0x0000002513600000,0x0000002513700000] [id=15296]
  0x000001e6ea8d8190 GCTaskThread "GC Thread#1" [stack: 0x0000002514a00000,0x0000002514b00000] [id=16084]
  0x000001e6ea8d7110 GCTaskThread "GC Thread#2" [stack: 0x0000002514b00000,0x0000002514c00000] [id=19956]
  0x000001e6ea8d7ed0 GCTaskThread "GC Thread#3" [stack: 0x0000002514c00000,0x0000002514d00000] [id=20204]
  0x000001e6ea8d8450 GCTaskThread "GC Thread#4" [stack: 0x0000002514d00000,0x0000002514e00000] [id=9900]
  0x000001e6ea8d7690 GCTaskThread "GC Thread#5" [stack: 0x0000002514e00000,0x0000002514f00000] [id=20592]
  0x000001e6ea8d8710 GCTaskThread "GC Thread#6" [stack: 0x0000002515200000,0x0000002515300000] [id=148]
  0x000001e6ea8d73d0 GCTaskThread "GC Thread#7" [stack: 0x0000002515300000,0x0000002515400000] [id=13880]
  0x000001e692f7efc0 ConcurrentGCThread "G1 Main Marker" [stack: 0x0000002513700000,0x0000002513800000] [id=20216]
  0x000001e692f80070 ConcurrentGCThread "G1 Conc#0" [stack: 0x0000002513800000,0x0000002513900000] [id=20276]
  0x000001e6ea8d7950 ConcurrentGCThread "G1 Conc#1" [stack: 0x0000002515100000,0x0000002515200000] [id=6680]
  0x000001e6a4c520c0 ConcurrentGCThread "G1 Refine#0" [stack: 0x0000002513900000,0x0000002513a00000] [id=11036]
  0x000001e6ecb80b90 ConcurrentGCThread "G1 Refine#1" [stack: 0x0000002517700000,0x0000002517800000] [id=19216]
  0x000001e6ea04ace0 ConcurrentGCThread "G1 Refine#2" [stack: 0x0000002517800000,0x0000002517900000] [id=10752]
  0x000001e6ea04afd0 ConcurrentGCThread "G1 Refine#3" [stack: 0x0000002516f00000,0x0000002517000000] [id=11592]
  0x000001e6ea04f010 ConcurrentGCThread "G1 Refine#4" [stack: 0x0000002517500000,0x0000002517600000] [id=14232]
  0x000001e6ec1b9070 ConcurrentGCThread "G1 Refine#5" [stack: 0x0000002517600000,0x0000002517700000] [id=14380]
  0x000001e6f216e300 ConcurrentGCThread "G1 Refine#6" [stack: 0x0000002517900000,0x0000002517a00000] [id=18876]
  0x000001e6f247c060 ConcurrentGCThread "G1 Refine#7" [stack: 0x0000002517a00000,0x0000002517b00000] [id=14140]
  0x000001e6a4c529f0 ConcurrentGCThread "G1 Service" [stack: 0x0000002513a00000,0x0000002513b00000] [id=6372]

Threads with active compile tasks:

VM state: at safepoint (normal execution)

VM Mutex/Monitor currently owned by a thread:  ([mutex/lock_event])
[0x000001e692f07190] Threads_lock - owner thread: 0x000001e6a4d97560
[0x000001e692f07cd0] Heap_lock - owner thread: 0x000001e6f262d3f0

Heap address: 0x0000000083600000, size: 1994 MB, Compressed Oops mode: 32-bit

CDS archive(s) mapped at: [0x000001e6a5000000-0x000001e6a5bd0000-0x000001e6a5bd0000), size 12386304, SharedBaseAddress: 0x000001e6a5000000, ArchiveRelocationMode: 1.
Compressed class space mapped at: 0x000001e6a6000000-0x000001e6e6000000, reserved size: 1073741824
Narrow klass base: 0x000001e6a5000000, Narrow klass shift: 0, Narrow klass range: 0x100000000

GC Precious Log:
 CPUs: 8 total, 8 available
 Memory: 7975M
 Large Page Support: Disabled
 NUMA Support: Disabled
 Compressed Oops: Enabled (32-bit)
 Heap Region Size: 1M
 Heap Min Capacity: 8M
 Heap Initial Capacity: 126M
 Heap Max Capacity: 1994M
 Pre-touch: Disabled
 Parallel Workers: 8
 Concurrent Workers: 2
 Concurrent Refinement Workers: 8
 Periodic GC: Disabled

Heap:
 garbage-first heap   total 140288K, used 65218K [0x0000000083600000, 0x0000000100000000)
  region size 1024K, 10 young (10240K), 4 survivors (4096K)
 Metaspace       used 87792K, committed 99328K, reserved 1245184K
  class space    used 12908K, committed 15552K, reserved 1048576K

Heap Regions: E=young(eden), S=young(survivor), O=old, HS=humongous(starts), HC=humongous(continues), CS=collection set, F=free, OA=open archive, CA=closed archive, TAMS=top-at-mark-start (previous, next)
|   0|0x0000000083600000, 0x0000000083700000, 0x0000000083700000|100%|HS|  |TAMS 0x0000000083700000, 0x0000000083600000| Untracked 
|   1|0x0000000083700000, 0x0000000083800000, 0x0000000083800000|100%| O|  |TAMS 0x0000000083800000, 0x0000000083700000| Untracked 
|   2|0x0000000083800000, 0x0000000083900000, 0x0000000083900000|100%| O|  |TAMS 0x0000000083900000, 0x0000000083800000| Untracked 
|   3|0x0000000083900000, 0x00000000839fffe8, 0x0000000083a00000| 99%| O|  |TAMS 0x00000000839fffe8, 0x0000000083900000| Untracked 
|   4|0x0000000083a00000, 0x0000000083afa7d8, 0x0000000083b00000| 97%| O|  |TAMS 0x0000000083afa7d8, 0x0000000083a00000| Untracked 
|   5|0x0000000083b00000, 0x0000000083bfffd8, 0x0000000083c00000| 99%| O|  |TAMS 0x0000000083bfffd8, 0x0000000083b00000| Untracked 
|   6|0x0000000083c00000, 0x0000000083d00000, 0x0000000083d00000|100%| O|  |TAMS 0x0000000083d00000, 0x0000000083c00000| Untracked 
|   7|0x0000000083d00000, 0x0000000083dffff8, 0x0000000083e00000| 99%| O|  |TAMS 0x0000000083d00000, 0x0000000083d00000| Untracked 
|   8|0x0000000083e00000, 0x0000000083f00000, 0x0000000083f00000|100%| O|  |TAMS 0x0000000083f00000, 0x0000000083e00000| Untracked 
|   9|0x0000000083f00000, 0x0000000083fffff0, 0x0000000084000000| 99%| O|  |TAMS 0x0000000083fffff0, 0x0000000083f00000| Untracked 
|  10|0x0000000084000000, 0x00000000840ffff0, 0x0000000084100000| 99%| O|  |TAMS 0x00000000840ffff0, 0x0000000084000000| Untracked 
|  11|0x0000000084100000, 0x00000000841ffff8, 0x0000000084200000| 99%| O|  |TAMS 0x00000000841ffff8, 0x0000000084100000| Untracked 
|  12|0x0000000084200000, 0x00000000842ff920, 0x0000000084300000| 99%| O|  |TAMS 0x00000000842ff920, 0x0000000084200000| Untracked 
|  13|0x0000000084300000, 0x00000000843ffff8, 0x0000000084400000| 99%| O|  |TAMS 0x00000000843ffff8, 0x0000000084300000| Untracked 
|  14|0x0000000084400000, 0x00000000844fffb0, 0x0000000084500000| 99%| O|  |TAMS 0x00000000844fffb0, 0x0000000084400000| Untracked 
|  15|0x0000000084500000, 0x00000000845ffff8, 0x0000000084600000| 99%| O|  |TAMS 0x00000000845ffff8, 0x0000000084500000| Untracked 
|  16|0x0000000084600000, 0x00000000846ffff8, 0x0000000084700000| 99%| O|  |TAMS 0x00000000846ffff8, 0x0000000084600000| Untracked 
|  17|0x0000000084700000, 0x00000000847ffff8, 0x0000000084800000| 99%| O|  |TAMS 0x00000000847ffff8, 0x0000000084700000| Untracked 
|  18|0x0000000084800000, 0x00000000848ffff8, 0x0000000084900000| 99%| O|  |TAMS 0x00000000848ffff8, 0x0000000084800000| Untracked 
|  19|0x0000000084900000, 0x00000000849fffe0, 0x0000000084a00000| 99%| O|  |TAMS 0x00000000849fffe0, 0x0000000084900000| Untracked 
|  20|0x0000000084a00000, 0x0000000084afffe8, 0x0000000084b00000| 99%| O|  |TAMS 0x0000000084afffe8, 0x0000000084a00000| Untracked 
|  21|0x0000000084b00000, 0x0000000084bfffc8, 0x0000000084c00000| 99%| O|  |TAMS 0x0000000084bfffc8, 0x0000000084b00000| Untracked 
|  22|0x0000000084c00000, 0x0000000084d00000, 0x0000000084d00000|100%| O|  |TAMS 0x0000000084c00000, 0x0000000084c00000| Untracked 
|  23|0x0000000084d00000, 0x0000000084dfffb8, 0x0000000084e00000| 99%| O|  |TAMS 0x0000000084dfffb8, 0x0000000084d00000| Untracked 
|  24|0x0000000084e00000, 0x0000000084effff8, 0x0000000084f00000| 99%| O|  |TAMS 0x0000000084effff8, 0x0000000084e00000| Untracked 
|  25|0x0000000084f00000, 0x0000000085000000, 0x0000000085000000|100%| O|  |TAMS 0x0000000085000000, 0x0000000084f00000| Untracked 
|  26|0x0000000085000000, 0x0000000085100000, 0x0000000085100000|100%| O|  |TAMS 0x0000000085000000, 0x0000000085000000| Untracked 
|  27|0x0000000085100000, 0x0000000085200000, 0x0000000085200000|100%| O|  |TAMS 0x0000000085200000, 0x0000000085100000| Untracked 
|  28|0x0000000085200000, 0x0000000085300000, 0x0000000085300000|100%| O|  |TAMS 0x0000000085200000, 0x0000000085200000| Untracked 
|  29|0x0000000085300000, 0x0000000085400000, 0x0000000085400000|100%| O|  |TAMS 0x0000000085300000, 0x0000000085300000| Untracked 
|  30|0x0000000085400000, 0x0000000085500000, 0x0000000085500000|100%| O|  |TAMS 0x0000000085400000, 0x0000000085400000| Untracked 
|  31|0x0000000085500000, 0x00000000855ffff8, 0x0000000085600000| 99%| O|  |TAMS 0x0000000085500000, 0x0000000085500000| Untracked 
|  32|0x0000000085600000, 0x00000000856ffee8, 0x0000000085700000| 99%| O|  |TAMS 0x0000000085600000, 0x0000000085600000| Untracked 
|  33|0x0000000085700000, 0x00000000857475d8, 0x0000000085800000| 27%| O|  |TAMS 0x0000000085700000, 0x0000000085700000| Untracked 
|  34|0x0000000085800000, 0x0000000085900000, 0x0000000085900000|100%| O|  |TAMS 0x0000000085800000, 0x0000000085800000| Untracked 
|  35|0x0000000085900000, 0x0000000085a00000, 0x0000000085a00000|100%| O|  |TAMS 0x0000000085900000, 0x0000000085900000| Untracked 
|  36|0x0000000085a00000, 0x0000000085afffc0, 0x0000000085b00000| 99%| O|  |TAMS 0x0000000085a00000, 0x0000000085a00000| Untracked 
|  37|0x0000000085b00000, 0x0000000085b84858, 0x0000000085c00000| 51%| O|  |TAMS 0x0000000085b00000, 0x0000000085b00000| Untracked 
|  38|0x0000000085c00000, 0x0000000085d00000, 0x0000000085d00000|100%| O|  |TAMS 0x0000000085c00000, 0x0000000085c00000| Untracked 
|  39|0x0000000085d00000, 0x0000000085e00000, 0x0000000085e00000|100%| O|  |TAMS 0x0000000085d00000, 0x0000000085d00000| Untracked 
|  40|0x0000000085e00000, 0x0000000085efffd0, 0x0000000085f00000| 99%| O|  |TAMS 0x0000000085e00000, 0x0000000085e00000| Untracked 
|  41|0x0000000085f00000, 0x0000000085ffffe0, 0x0000000086000000| 99%| O|  |TAMS 0x0000000085f00000, 0x0000000085f00000| Untracked 
|  42|0x0000000086000000, 0x00000000860a1018, 0x0000000086100000| 62%| O|  |TAMS 0x0000000086000000, 0x0000000086000000| Untracked 
|  43|0x0000000086100000, 0x0000000086200000, 0x0000000086200000|100%| O|  |TAMS 0x0000000086100000, 0x0000000086100000| Untracked 
|  44|0x0000000086200000, 0x0000000086300000, 0x0000000086300000|100%| O|  |TAMS 0x0000000086200000, 0x0000000086200000| Untracked 
|  45|0x0000000086300000, 0x0000000086400000, 0x0000000086400000|100%| O|  |TAMS 0x0000000086300000, 0x0000000086300000| Untracked 
|  46|0x0000000086400000, 0x0000000086500000, 0x0000000086500000|100%| O|  |TAMS 0x0000000086400000, 0x0000000086400000| Untracked 
|  47|0x0000000086500000, 0x0000000086600000, 0x0000000086600000|100%| O|  |TAMS 0x0000000086500000, 0x0000000086500000| Untracked 
|  48|0x0000000086600000, 0x0000000086678850, 0x0000000086700000| 47%| O|  |TAMS 0x0000000086600000, 0x0000000086600000| Untracked 
|  49|0x0000000086700000, 0x0000000086800000, 0x0000000086800000|100%| O|  |TAMS 0x0000000086700000, 0x0000000086700000| Untracked 
|  50|0x0000000086800000, 0x0000000086900000, 0x0000000086900000|100%| O|  |TAMS 0x0000000086800000, 0x0000000086800000| Untracked 
|  51|0x0000000086900000, 0x0000000086a00000, 0x0000000086a00000|100%| O|  |TAMS 0x0000000086900000, 0x0000000086900000| Untracked 
|  52|0x0000000086a00000, 0x0000000086b00000, 0x0000000086b00000|100%| O|  |TAMS 0x0000000086a00000, 0x0000000086a00000| Untracked 
|  53|0x0000000086b00000, 0x0000000086c00000, 0x0000000086c00000|100%| O|  |TAMS 0x0000000086b00000, 0x0000000086b00000| Untracked 
|  54|0x0000000086c00000, 0x0000000086d00000, 0x0000000086d00000|100%| O|  |TAMS 0x0000000086c00000, 0x0000000086c00000| Untracked 
|  55|0x0000000086d00000, 0x0000000086e00000, 0x0000000086e00000|100%| O|  |TAMS 0x0000000086d00000, 0x0000000086d00000| Untracked 
|  56|0x0000000086e00000, 0x0000000086ed1600, 0x0000000086f00000| 81%| O|  |TAMS 0x0000000086e00000, 0x0000000086e00000| Untracked 
|  57|0x0000000086f00000, 0x0000000086f00000, 0x0000000087000000|  0%| F|  |TAMS 0x0000000086f00000, 0x0000000086f00000| Untracked 
|  58|0x0000000087000000, 0x0000000087000000, 0x0000000087100000|  0%| F|  |TAMS 0x0000000087000000, 0x0000000087000000| Untracked 
|  59|0x0000000087100000, 0x0000000087100000, 0x0000000087200000|  0%| F|  |TAMS 0x0000000087100000, 0x0000000087100000| Untracked 
|  60|0x0000000087200000, 0x0000000087200000, 0x0000000087300000|  0%| F|  |TAMS 0x0000000087200000, 0x0000000087200000| Untracked 
|  61|0x0000000087300000, 0x0000000087300000, 0x0000000087400000|  0%| F|  |TAMS 0x0000000087300000, 0x0000000087300000| Untracked 
|  62|0x0000000087400000, 0x0000000087400000, 0x0000000087500000|  0%| F|  |TAMS 0x0000000087400000, 0x0000000087400000| Untracked 
|  63|0x0000000087500000, 0x0000000087500000, 0x0000000087600000|  0%| F|  |TAMS 0x0000000087500000, 0x0000000087500000| Untracked 
|  64|0x0000000087600000, 0x0000000087600000, 0x0000000087700000|  0%| F|  |TAMS 0x0000000087600000, 0x0000000087600000| Untracked 
|  65|0x0000000087700000, 0x0000000087700000, 0x0000000087800000|  0%| F|  |TAMS 0x0000000087700000, 0x0000000087700000| Untracked 
|  66|0x0000000087800000, 0x0000000087800000, 0x0000000087900000|  0%| F|  |TAMS 0x0000000087800000, 0x0000000087800000| Untracked 
|  67|0x0000000087900000, 0x0000000087900000, 0x0000000087a00000|  0%| F|  |TAMS 0x0000000087900000, 0x0000000087900000| Untracked 
|  68|0x0000000087a00000, 0x0000000087a00000, 0x0000000087b00000|  0%| F|  |TAMS 0x0000000087a00000, 0x0000000087a00000| Untracked 
|  69|0x0000000087b00000, 0x0000000087b00000, 0x0000000087c00000|  0%| F|  |TAMS 0x0000000087b00000, 0x0000000087b00000| Untracked 
|  70|0x0000000087c00000, 0x0000000087c00000, 0x0000000087d00000|  0%| F|  |TAMS 0x0000000087c00000, 0x0000000087c00000| Untracked 
|  71|0x0000000087d00000, 0x0000000087d00000, 0x0000000087e00000|  0%| F|  |TAMS 0x0000000087d00000, 0x0000000087d00000| Untracked 
|  72|0x0000000087e00000, 0x0000000087e00000, 0x0000000087f00000|  0%| F|  |TAMS 0x0000000087e00000, 0x0000000087e00000| Untracked 
|  73|0x0000000087f00000, 0x0000000087f00000, 0x0000000088000000|  0%| F|  |TAMS 0x0000000087f00000, 0x0000000087f00000| Untracked 
|  74|0x0000000088000000, 0x0000000088000000, 0x0000000088100000|  0%| F|  |TAMS 0x0000000088000000, 0x0000000088000000| Untracked 
|  75|0x0000000088100000, 0x0000000088100000, 0x0000000088200000|  0%| F|  |TAMS 0x0000000088100000, 0x0000000088100000| Untracked 
|  76|0x0000000088200000, 0x0000000088200000, 0x0000000088300000|  0%| F|  |TAMS 0x0000000088200000, 0x0000000088200000| Untracked 
|  77|0x0000000088300000, 0x0000000088300000, 0x0000000088400000|  0%| F|  |TAMS 0x0000000088300000, 0x0000000088300000| Untracked 
|  78|0x0000000088400000, 0x0000000088400000, 0x0000000088500000|  0%| F|  |TAMS 0x0000000088400000, 0x0000000088400000| Untracked 
|  79|0x0000000088500000, 0x0000000088500000, 0x0000000088600000|  0%| F|  |TAMS 0x0000000088500000, 0x0000000088500000| Untracked 
|  80|0x0000000088600000, 0x0000000088600000, 0x0000000088700000|  0%| F|  |TAMS 0x0000000088600000, 0x0000000088600000| Untracked 
|  81|0x0000000088700000, 0x0000000088700000, 0x0000000088800000|  0%| F|  |TAMS 0x0000000088700000, 0x0000000088700000| Untracked 
|  82|0x0000000088800000, 0x0000000088800000, 0x0000000088900000|  0%| F|  |TAMS 0x0000000088800000, 0x0000000088800000| Untracked 
|  83|0x0000000088900000, 0x0000000088900000, 0x0000000088a00000|  0%| F|  |TAMS 0x0000000088900000, 0x0000000088900000| Untracked 
|  84|0x0000000088a00000, 0x0000000088b00000, 0x0000000088b00000|100%| S|CS|TAMS 0x0000000088a00000, 0x0000000088a00000| Complete 
|  85|0x0000000088b00000, 0x0000000088c00000, 0x0000000088c00000|100%| S|CS|TAMS 0x0000000088b00000, 0x0000000088b00000| Complete 
|  86|0x0000000088c00000, 0x0000000088d00000, 0x0000000088d00000|100%| S|CS|TAMS 0x0000000088c00000, 0x0000000088c00000| Complete 
|  87|0x0000000088d00000, 0x0000000088e00000, 0x0000000088e00000|100%| S|CS|TAMS 0x0000000088d00000, 0x0000000088d00000| Complete 
|  88|0x0000000088e00000, 0x0000000088e00000, 0x0000000088f00000|  0%| F|  |TAMS 0x0000000088e00000, 0x0000000088e00000| Untracked 
|  89|0x0000000088f00000, 0x0000000088f00000, 0x0000000089000000|  0%| F|  |TAMS 0x0000000088f00000, 0x0000000088f00000| Untracked 
|  90|0x0000000089000000, 0x0000000089000000, 0x0000000089100000|  0%| F|  |TAMS 0x0000000089000000, 0x0000000089000000| Untracked 
|  91|0x0000000089100000, 0x0000000089100000, 0x0000000089200000|  0%| F|  |TAMS 0x0000000089100000, 0x0000000089100000| Untracked 
|  92|0x0000000089200000, 0x0000000089200000, 0x0000000089300000|  0%| F|  |TAMS 0x0000000089200000, 0x0000000089200000| Untracked 
|  93|0x0000000089300000, 0x0000000089300000, 0x0000000089400000|  0%| F|  |TAMS 0x0000000089300000, 0x0000000089300000| Untracked 
|  94|0x0000000089400000, 0x0000000089400000, 0x0000000089500000|  0%| F|  |TAMS 0x0000000089400000, 0x0000000089400000| Untracked 
|  95|0x0000000089500000, 0x0000000089500000, 0x0000000089600000|  0%| F|  |TAMS 0x0000000089500000, 0x0000000089500000| Untracked 
|  96|0x0000000089600000, 0x0000000089600000, 0x0000000089700000|  0%| F|  |TAMS 0x0000000089600000, 0x0000000089600000| Untracked 
|  97|0x0000000089700000, 0x0000000089700000, 0x0000000089800000|  0%| F|  |TAMS 0x0000000089700000, 0x0000000089700000| Untracked 
|  98|0x0000000089800000, 0x0000000089800000, 0x0000000089900000|  0%| F|  |TAMS 0x0000000089800000, 0x0000000089800000| Untracked 
|  99|0x0000000089900000, 0x0000000089900000, 0x0000000089a00000|  0%| F|  |TAMS 0x0000000089900000, 0x0000000089900000| Untracked 
| 100|0x0000000089a00000, 0x0000000089a00000, 0x0000000089b00000|  0%| F|  |TAMS 0x0000000089a00000, 0x0000000089a00000| Untracked 
| 101|0x0000000089b00000, 0x0000000089b00000, 0x0000000089c00000|  0%| F|  |TAMS 0x0000000089b00000, 0x0000000089b00000| Untracked 
| 102|0x0000000089c00000, 0x0000000089c00000, 0x0000000089d00000|  0%| F|  |TAMS 0x0000000089c00000, 0x0000000089c00000| Untracked 
| 103|0x0000000089d00000, 0x0000000089d00000, 0x0000000089e00000|  0%| F|  |TAMS 0x0000000089d00000, 0x0000000089d00000| Untracked 
| 104|0x0000000089e00000, 0x0000000089e00000, 0x0000000089f00000|  0%| F|  |TAMS 0x0000000089e00000, 0x0000000089e00000| Untracked 
| 105|0x0000000089f00000, 0x0000000089f00000, 0x000000008a000000|  0%| F|  |TAMS 0x0000000089f00000, 0x0000000089f00000| Untracked 
| 106|0x000000008a000000, 0x000000008a000000, 0x000000008a100000|  0%| F|  |TAMS 0x000000008a000000, 0x000000008a000000| Untracked 
| 107|0x000000008a100000, 0x000000008a100000, 0x000000008a200000|  0%| F|  |TAMS 0x000000008a100000, 0x000000008a100000| Untracked 
| 108|0x000000008a200000, 0x000000008a200000, 0x000000008a300000|  0%| F|  |TAMS 0x000000008a200000, 0x000000008a200000| Untracked 
| 109|0x000000008a300000, 0x000000008a300000, 0x000000008a400000|  0%| F|  |TAMS 0x000000008a300000, 0x000000008a300000| Untracked 
| 110|0x000000008a400000, 0x000000008a400000, 0x000000008a500000|  0%| F|  |TAMS 0x000000008a400000, 0x000000008a400000| Untracked 
| 111|0x000000008a500000, 0x000000008a500000, 0x000000008a600000|  0%| F|  |TAMS 0x000000008a500000, 0x000000008a500000| Untracked 
| 112|0x000000008a600000, 0x000000008a600000, 0x000000008a700000|  0%| F|  |TAMS 0x000000008a600000, 0x000000008a600000| Untracked 
| 113|0x000000008a700000, 0x000000008a700000, 0x000000008a800000|  0%| F|  |TAMS 0x000000008a700000, 0x000000008a700000| Untracked 
| 114|0x000000008a800000, 0x000000008a800000, 0x000000008a900000|  0%| F|  |TAMS 0x000000008a800000, 0x000000008a800000| Untracked 
| 115|0x000000008a900000, 0x000000008a900000, 0x000000008aa00000|  0%| F|  |TAMS 0x000000008a900000, 0x000000008a900000| Untracked 
| 116|0x000000008aa00000, 0x000000008aa00000, 0x000000008ab00000|  0%| F|  |TAMS 0x000000008aa00000, 0x000000008aa00000| Untracked 
| 117|0x000000008ab00000, 0x000000008ab00000, 0x000000008ac00000|  0%| F|  |TAMS 0x000000008ab00000, 0x000000008ab00000| Untracked 
| 118|0x000000008ac00000, 0x000000008ac00000, 0x000000008ad00000|  0%| F|  |TAMS 0x000000008ac00000, 0x000000008ac00000| Untracked 
| 119|0x000000008ad00000, 0x000000008ad00000, 0x000000008ae00000|  0%| F|  |TAMS 0x000000008ad00000, 0x000000008ad00000| Untracked 
| 120|0x000000008ae00000, 0x000000008ae00000, 0x000000008af00000|  0%| F|  |TAMS 0x000000008ae00000, 0x000000008ae00000| Untracked 
| 121|0x000000008af00000, 0x000000008af00000, 0x000000008b000000|  0%| F|  |TAMS 0x000000008af00000, 0x000000008af00000| Untracked 
| 122|0x000000008b000000, 0x000000008b000000, 0x000000008b100000|  0%| F|  |TAMS 0x000000008b000000, 0x000000008b000000| Untracked 
| 123|0x000000008b100000, 0x000000008b100000, 0x000000008b200000|  0%| F|  |TAMS 0x000000008b100000, 0x000000008b100000| Untracked 
| 124|0x000000008b200000, 0x000000008b200000, 0x000000008b300000|  0%| F|  |TAMS 0x000000008b200000, 0x000000008b200000| Untracked 
| 125|0x000000008b300000, 0x000000008b300000, 0x000000008b400000|  0%| F|  |TAMS 0x000000008b300000, 0x000000008b300000| Untracked 
| 126|0x000000008b400000, 0x000000008b400000, 0x000000008b500000|  0%| F|  |TAMS 0x000000008b400000, 0x000000008b400000| Untracked 
| 127|0x000000008b500000, 0x000000008b500000, 0x000000008b600000|  0%| F|  |TAMS 0x000000008b500000, 0x000000008b500000| Untracked 
| 128|0x000000008b600000, 0x000000008b600000, 0x000000008b700000|  0%| F|  |TAMS 0x000000008b600000, 0x000000008b600000| Untracked 
| 129|0x000000008b700000, 0x000000008b700000, 0x000000008b800000|  0%| F|  |TAMS 0x000000008b700000, 0x000000008b700000| Untracked 
| 130|0x000000008b800000, 0x000000008b800000, 0x000000008b900000|  0%| F|  |TAMS 0x000000008b800000, 0x000000008b800000| Untracked 
| 131|0x000000008b900000, 0x000000008b902290, 0x000000008ba00000|  0%| E|  |TAMS 0x000000008b900000, 0x000000008b900000| Complete 
| 132|0x000000008ba00000, 0x000000008bb00000, 0x000000008bb00000|100%| E|CS|TAMS 0x000000008ba00000, 0x000000008ba00000| Complete 
| 133|0x000000008bb00000, 0x000000008bc00000, 0x000000008bc00000|100%| E|CS|TAMS 0x000000008bb00000, 0x000000008bb00000| Complete 
| 134|0x000000008bc00000, 0x000000008bd00000, 0x000000008bd00000|100%| E|CS|TAMS 0x000000008bc00000, 0x000000008bc00000| Complete 
| 135|0x000000008bd00000, 0x000000008be00000, 0x000000008be00000|100%| E|CS|TAMS 0x000000008bd00000, 0x000000008bd00000| Complete 
| 136|0x000000008be00000, 0x000000008bf00000, 0x000000008bf00000|100%| E|CS|TAMS 0x000000008be00000, 0x000000008be00000| Complete 

Card table byte_map: [0x000001e69dcd0000,0x000001e69e0c0000] _byte_map_base: 0x000001e69d8b5000

Marking Bits (Prev, Next): (CMBitMap*) 0x000001e692f6ed50, (CMBitMap*) 0x000001e692f6ed90
 Prev Bits: [0x000001e69e4b0000, 0x000001e6a03d8000)
 Next Bits: [0x000001e6a03e0000, 0x000001e6a2308000)

Polling page: 0x000001e690ec0000

Metaspace:

Usage:
  Non-class:     73.13 MB used.
      Class:     12.61 MB used.
       Both:     85.73 MB used.

Virtual space:
  Non-class space:      192.00 MB reserved,      81.81 MB ( 43%) committed,  3 nodes.
      Class space:        1.00 GB reserved,      15.19 MB (  1%) committed,  1 nodes.
             Both:        1.19 GB reserved,      97.00 MB (  8%) committed. 

Chunk freelists:
   Non-Class:  69.78 MB
       Class:  19.03 MB
        Both:  88.81 MB

MaxMetaspaceSize: unlimited
CompressedClassSpaceSize: 1.00 GB
Initial GC threshold: 21.00 MB
Current GC threshold: 260.75 MB
CDS: on
MetaspaceReclaimPolicy: balanced
 - commit_granule_bytes: 65536.
 - commit_granule_words: 8192.
 - virtual_space_node_default_size: 8388608.
 - enlarge_chunks_in_place: 1.
 - new_chunks_are_fully_committed: 0.
 - uncommit_free_chunks: 1.
 - use_allocation_guard: 0.
 - handle_deallocations: 1.


Internal statistics:

num_allocs_failed_limit: 9.
num_arena_births: 4028.
num_arena_deaths: 2656.
num_vsnodes_births: 4.
num_vsnodes_deaths: 0.
num_space_committed: 2619.
num_space_uncommitted: 1067.
num_chunks_returned_to_freelist: 9210.
num_chunks_taken_from_freelist: 14380.
num_chunk_merges: 2375.
num_chunk_splits: 7652.
num_chunks_enlarged: 5135.
num_inconsistent_stats: 0.

CodeCache: size=49152Kb used=43620Kb max_used=43984Kb free=5532Kb
 bounds [0x000001e69a7d0000, 0x000001e69d300000, 0x000001e69d7d0000]
 total_blobs=25421 nmethods=24740 adapters=606
 compilation: enabled
              stopped_count=0, restarted_count=0
 full_count=0

Compilation events (20 events):
Event: 17207.083 Thread 0x000001e6a4db6030 24792       1       org.springframework.boot.autoconfigure.template.TemplateAvailabilityProviders::<init> (53 bytes)
Event: 17207.084 Thread 0x000001e6a4db6030 nmethod 24792 0x000001e69d0ac490 code [0x000001e69d0ac6a0, 0x000001e69d0acb88]
Event: 17207.084 Thread 0x000001e6a4db6030 24793       1       org.springframework.boot.autoconfigure.template.TemplateAvailabilityProviders$1::<init> (14 bytes)
Event: 17207.084 Thread 0x000001e6a4db6030 nmethod 24793 0x000001e69d0ac110 code [0x000001e69d0ac2a0, 0x000001e69d0ac3e8]
Event: 17207.084 Thread 0x000001e6a4db6030 24794       1       org.springframework.boot.autoconfigure.freemarker.FreeMarkerTemplateAvailabilityProvider::<init> (11 bytes)
Event: 17207.085 Thread 0x000001e6a4db6030 nmethod 24794 0x000001e69d0abc90 code [0x000001e69d0abe40, 0x000001e69d0ac058]
Event: 17207.085 Thread 0x000001e6a4db6030 24795       1       org.springframework.boot.autoconfigure.mustache.MustacheTemplateAvailabilityProvider::<init> (5 bytes)
Event: 17207.085 Thread 0x000001e6a4db6030 nmethod 24795 0x000001e69d0ab990 code [0x000001e69d0abb20, 0x000001e69d0abbd8]
Event: 17207.085 Thread 0x000001e6a4db6030 24796       1       org.springframework.boot.autoconfigure.groovy.template.GroovyTemplateAvailabilityProvider::<init> (11 bytes)
Event: 17207.085 Thread 0x000001e6a4db6030 nmethod 24796 0x000001e69d0ab510 code [0x000001e69d0ab6c0, 0x000001e69d0ab8d8]
Event: 17207.085 Thread 0x000001e6a4db6030 24797       1       org.springframework.boot.autoconfigure.thymeleaf.ThymeleafTemplateAvailabilityProvider::<init> (5 bytes)
Event: 17207.085 Thread 0x000001e6a4db6030 nmethod 24797 0x000001e69d0ab210 code [0x000001e69d0ab3a0, 0x000001e69d0ab458]
Event: 17207.085 Thread 0x000001e6a4db6030 24798       1       org.springframework.boot.autoconfigure.web.servlet.JspTemplateAvailabilityProvider::<init> (5 bytes)
Event: 17207.085 Thread 0x000001e6a4db6030 nmethod 24798 0x000001e69d0aaf10 code [0x000001e69d0ab0a0, 0x000001e69d0ab158]
Event: 17207.110 Thread 0x000001e6a4db6030 24799       1       java.util.ArrayDeque::getFirst (26 bytes)
Event: 17207.110 Thread 0x000001e6a4db6030 nmethod 24799 0x000001e69d0aaa90 code [0x000001e69d0aac40, 0x000001e69d0aade8]
Event: 17207.364 Thread 0x000001e6a4db6030 24800       1       org.springframework.core.convert.Property::getName (5 bytes)
Event: 17207.364 Thread 0x000001e6a4db6030 nmethod 24800 0x000001e69d0aa790 code [0x000001e69d0aa920, 0x000001e69d0aa9f8]
Event: 17214.421 Thread 0x000001e6a4db6030 24801       1       org.springframework.boot.devtools.classpath.ClassPathChangedEvent::isRestartRequired (5 bytes)
Event: 17214.421 Thread 0x000001e6a4db6030 nmethod 24801 0x000001e69d0aa490 code [0x000001e69d0aa620, 0x000001e69d0aa6f8]

GC Heap History (20 events):
Event: 17172.217 GC heap before
{Heap before GC invocations=500 (full 21):
 garbage-first heap   total 150528K, used 130200K [0x0000000083600000, 0x0000000100000000)
  region size 1024K, 78 young (79872K), 2 survivors (2048K)
 Metaspace       used 86678K, committed 99456K, reserved 1245184K
  class space    used 12806K, committed 15552K, reserved 1048576K
}
Event: 17172.218 GC heap after
{Heap after GC invocations=501 (full 21):
 garbage-first heap   total 150528K, used 52417K [0x0000000083600000, 0x0000000100000000)
  region size 1024K, 2 young (2048K), 2 survivors (2048K)
 Metaspace       used 86678K, committed 99456K, reserved 1245184K
  class space    used 12806K, committed 15552K, reserved 1048576K
}
Event: 17180.021 GC heap before
{Heap before GC invocations=501 (full 21):
 garbage-first heap   total 150528K, used 130241K [0x0000000083600000, 0x0000000100000000)
  region size 1024K, 78 young (79872K), 2 survivors (2048K)
 Metaspace       used 86678K, committed 99456K, reserved 1245184K
  class space    used 12806K, committed 15552K, reserved 1048576K
}
Event: 17180.024 GC heap after
{Heap after GC invocations=502 (full 21):
 garbage-first heap   total 150528K, used 52392K [0x0000000083600000, 0x0000000100000000)
  region size 1024K, 2 young (2048K), 2 survivors (2048K)
 Metaspace       used 86678K, committed 99456K, reserved 1245184K
  class space    used 12806K, committed 15552K, reserved 1048576K
}
Event: 17187.698 GC heap before
{Heap before GC invocations=502 (full 21):
 garbage-first heap   total 150528K, used 130216K [0x0000000083600000, 0x0000000100000000)
  region size 1024K, 78 young (79872K), 2 survivors (2048K)
 Metaspace       used 86678K, committed 99456K, reserved 1245184K
  class space    used 12806K, committed 15552K, reserved 1048576K
}
Event: 17187.699 GC heap after
{Heap after GC invocations=503 (full 21):
 garbage-first heap   total 150528K, used 52364K [0x0000000083600000, 0x0000000100000000)
  region size 1024K, 2 young (2048K), 2 survivors (2048K)
 Metaspace       used 86678K, committed 99456K, reserved 1245184K
  class space    used 12806K, committed 15552K, reserved 1048576K
}
Event: 17195.424 GC heap before
{Heap before GC invocations=503 (full 21):
 garbage-first heap   total 150528K, used 130188K [0x0000000083600000, 0x0000000100000000)
  region size 1024K, 78 young (79872K), 2 survivors (2048K)
 Metaspace       used 86678K, committed 99456K, reserved 1245184K
  class space    used 12806K, committed 15552K, reserved 1048576K
}
Event: 17195.425 GC heap after
{Heap after GC invocations=504 (full 21):
 garbage-first heap   total 150528K, used 52319K [0x0000000083600000, 0x0000000100000000)
  region size 1024K, 2 young (2048K), 2 survivors (2048K)
 Metaspace       used 86678K, committed 99456K, reserved 1245184K
  class space    used 12806K, committed 15552K, reserved 1048576K
}
Event: 17201.559 GC heap before
{Heap before GC invocations=504 (full 21):
 garbage-first heap   total 150528K, used 127071K [0x0000000083600000, 0x0000000100000000)
  region size 1024K, 76 young (77824K), 2 survivors (2048K)
 Metaspace       used 86681K, committed 99456K, reserved 1245184K
  class space    used 12807K, committed 15552K, reserved 1048576K
}
Event: 17202.601 GC heap after
{Heap after GC invocations=505 (full 22):
 garbage-first heap   total 140288K, used 39805K [0x0000000083600000, 0x0000000100000000)
  region size 1024K, 0 young (0K), 0 survivors (0K)
 Metaspace       used 86565K, committed 99328K, reserved 1245184K
  class space    used 12785K, committed 15552K, reserved 1048576K
}
Event: 17205.687 GC heap before
{Heap before GC invocations=505 (full 22):
 garbage-first heap   total 140288K, used 119677K [0x0000000083600000, 0x0000000100000000)
  region size 1024K, 79 young (80896K), 0 survivors (0K)
 Metaspace       used 86934K, committed 99328K, reserved 1245184K
  class space    used 12830K, committed 15552K, reserved 1048576K
}
Event: 17205.698 GC heap after
{Heap after GC invocations=506 (full 22):
 garbage-first heap   total 140288K, used 45831K [0x0000000083600000, 0x0000000100000000)
  region size 1024K, 6 young (6144K), 6 survivors (6144K)
 Metaspace       used 86934K, committed 99328K, reserved 1245184K
  class space    used 12830K, committed 15552K, reserved 1048576K
}
Event: 17206.722 GC heap before
{Heap before GC invocations=506 (full 22):
 garbage-first heap   total 140288K, used 114439K [0x0000000083600000, 0x0000000100000000)
  region size 1024K, 73 young (74752K), 6 survivors (6144K)
 Metaspace       used 87268K, committed 99328K, reserved 1245184K
  class space    used 12865K, committed 15552K, reserved 1048576K
}
Event: 17206.737 GC heap after
{Heap after GC invocations=507 (full 22):
 garbage-first heap   total 140288K, used 50105K [0x0000000083600000, 0x0000000100000000)
  region size 1024K, 7 young (7168K), 7 survivors (7168K)
 Metaspace       used 87268K, committed 99328K, reserved 1245184K
  class space    used 12865K, committed 15552K, reserved 1048576K
}
Event: 17207.231 GC heap before
{Heap before GC invocations=507 (full 22):
 garbage-first heap   total 140288K, used 111545K [0x0000000083600000, 0x0000000100000000)
  region size 1024K, 67 young (68608K), 7 survivors (7168K)
 Metaspace       used 87789K, committed 99328K, reserved 1245184K
  class space    used 12907K, committed 15552K, reserved 1048576K
}
Event: 17207.237 GC heap after
{Heap after GC invocations=508 (full 22):
 garbage-first heap   total 140288K, used 54858K [0x0000000083600000, 0x0000000100000000)
  region size 1024K, 7 young (7168K), 7 survivors (7168K)
 Metaspace       used 87789K, committed 99328K, reserved 1245184K
  class space    used 12907K, committed 15552K, reserved 1048576K
}
Event: 17210.303 GC heap before
{Heap before GC invocations=508 (full 22):
 garbage-first heap   total 140288K, used 110154K [0x0000000083600000, 0x0000000100000000)
  region size 1024K, 61 young (62464K), 7 survivors (7168K)
 Metaspace       used 87789K, committed 99328K, reserved 1245184K
  class space    used 12907K, committed 15552K, reserved 1048576K
}
Event: 17210.312 GC heap after
{Heap after GC invocations=509 (full 22):
 garbage-first heap   total 140288K, used 59681K [0x0000000083600000, 0x0000000100000000)
  region size 1024K, 6 young (6144K), 6 survivors (6144K)
 Metaspace       used 87789K, committed 99328K, reserved 1245184K
  class space    used 12907K, committed 15552K, reserved 1048576K
}
Event: 17214.563 GC heap before
{Heap before GC invocations=509 (full 22):
 garbage-first heap   total 140288K, used 109857K [0x0000000083600000, 0x0000000100000000)
  region size 1024K, 55 young (56320K), 6 survivors (6144K)
 Metaspace       used 87789K, committed 99328K, reserved 1245184K
  class space    used 12907K, committed 15552K, reserved 1048576K
}
Event: 17214.726 GC heap after
{Heap after GC invocations=510 (full 22):
 garbage-first heap   total 140288K, used 60098K [0x0000000083600000, 0x0000000100000000)
  region size 1024K, 4 young (4096K), 4 survivors (4096K)
 Metaspace       used 87789K, committed 99328K, reserved 1245184K
  class space    used 12907K, committed 15552K, reserved 1048576K
}

Deoptimization events (12 events):
Event: 2.954 Thread 0x000001e6ea945240 DEOPT PACKING pc=0x000001e69ad46601 sp=0x00000025150f8bb0
Event: 2.954 Thread 0x000001e6ea945240 DEOPT UNPACKING pc=0x000001e69a8266e3 sp=0x00000025150f8040 mode 3
Event: 2.954 Thread 0x000001e6ebdfd000 DEOPT PACKING pc=0x000001e69ad35e97 sp=0x00000025156ff020
Event: 2.954 Thread 0x000001e6ebdfd000 DEOPT UNPACKING pc=0x000001e69a8266e3 sp=0x00000025156fe478 mode 3
Event: 4.744 Thread 0x000001e6ea945240 DEOPT PACKING pc=0x000001e69ad5a224 sp=0x00000025150fa230
Event: 4.744 Thread 0x000001e6ea945240 DEOPT UNPACKING pc=0x000001e69a8266e3 sp=0x00000025150f9788 mode 0
Event: 4.890 Thread 0x000001e6ea945240 DEOPT PACKING pc=0x000001e69adfd09a sp=0x00000025150fc560
Event: 4.890 Thread 0x000001e6ea945240 DEOPT UNPACKING pc=0x000001e69a8266e3 sp=0x00000025150fba68 mode 3
Event: 392.298 Thread 0x000001e6ed0cdac0 DEOPT PACKING pc=0x000001e69b68356c sp=0x0000002515af5aa0
Event: 392.298 Thread 0x000001e6ed0cdac0 DEOPT UNPACKING pc=0x000001e69a8266e3 sp=0x0000002515af50a8 mode 0
Event: 16240.779 Thread 0x000001e6f2e3e630 DEOPT PACKING pc=0x000001e69cd1a300 sp=0x000000251abfe840
Event: 16240.780 Thread 0x000001e6f2e3e630 DEOPT UNPACKING pc=0x000001e69a8266e3 sp=0x000000251abfddf0 mode 3

Classes unloaded (20 events):
Event: 17201.715 Thread 0x000001e6a4d97560 Unloading class 0x000001e6a6e34c00 'jdk/internal/reflect/GeneratedMethodAccessor372'
Event: 17201.715 Thread 0x000001e6a4d97560 Unloading class 0x000001e6a6e34800 'jdk/internal/reflect/GeneratedMethodAccessor371'
Event: 17201.715 Thread 0x000001e6a4d97560 Unloading class 0x000001e6a6e2f800 'jdk/internal/reflect/GeneratedMethodAccessor359'
Event: 17201.716 Thread 0x000001e6a4d97560 Unloading class 0x000001e6a6e28000 'jdk/internal/reflect/GeneratedMethodAccessor342'
Event: 17201.716 Thread 0x000001e6a4d97560 Unloading class 0x000001e6a6e24000 'jdk/internal/reflect/GeneratedMethodAccessor332'
Event: 17201.716 Thread 0x000001e6a4d97560 Unloading class 0x000001e6a6e23c00 'jdk/internal/reflect/GeneratedMethodAccessor331'
Event: 17201.716 Thread 0x000001e6a4d97560 Unloading class 0x000001e6a6e07c00 'jdk/internal/reflect/GeneratedMethodAccessor323'
Event: 17201.716 Thread 0x000001e6a4d97560 Unloading class 0x000001e6a6bbc400 'jdk/internal/reflect/GeneratedMethodAccessor320'
Event: 17201.717 Thread 0x000001e6a4d97560 Unloading class 0x000001e6a6019800 'jdk/internal/reflect/GeneratedMethodAccessor313'
Event: 17201.717 Thread 0x000001e6a4d97560 Unloading class 0x000001e6a601a400 'jdk/internal/reflect/GeneratedMethodAccessor312'
Event: 17201.717 Thread 0x000001e6a4d97560 Unloading class 0x000001e6a6cfc400 'jdk/internal/reflect/GeneratedMethodAccessor307'
Event: 17201.717 Thread 0x000001e6a4d97560 Unloading class 0x000001e6a6cfc000 'jdk/internal/reflect/GeneratedMethodAccessor306'
Event: 17201.717 Thread 0x000001e6a4d97560 Unloading class 0x000001e6a6d50400 'jdk/internal/reflect/GeneratedMethodAccessor305'
Event: 17201.717 Thread 0x000001e6a4d97560 Unloading class 0x000001e6a6488800 'jdk/internal/reflect/GeneratedMethodAccessor303'
Event: 17201.717 Thread 0x000001e6a4d97560 Unloading class 0x000001e6a6484400 'jdk/internal/reflect/GeneratedMethodAccessor302'
Event: 17201.717 Thread 0x000001e6a4d97560 Unloading class 0x000001e6a6018400 'jdk/internal/reflect/GeneratedMethodAccessor301'
Event: 17201.717 Thread 0x000001e6a4d97560 Unloading class 0x000001e6a6017c00 'jdk/internal/reflect/GeneratedMethodAccessor300'
Event: 17201.717 Thread 0x000001e6a4d97560 Unloading class 0x000001e6a6bd8000 'jdk/internal/reflect/GeneratedMethodAccessor299'
Event: 17201.717 Thread 0x000001e6a4d97560 Unloading class 0x000001e6a6bc5000 'jdk/internal/reflect/GeneratedMethodAccessor298'
Event: 17201.717 Thread 0x000001e6a4d97560 Unloading class 0x000001e6a6b92800 'jdk/internal/reflect/GeneratedMethodAccessor297'

Classes redefined (0 events):
No events

Internal exceptions (20 events):
Event: 17206.775 Thread 0x000001e6f2702bf0 Exception <a 'java/io/FileNotFoundException'{0x000000008bb77738}> (0x000000008bb77738) 
thrown [s\open\src\hotspot\share\prims\jni.cpp, line 516]
Event: 17206.793 Thread 0x000001e6f2702bf0 Exception <a 'java/io/FileNotFoundException'{0x000000008b99cdc8}> (0x000000008b99cdc8) 
thrown [s\open\src\hotspot\share\prims\jni.cpp, line 516]
Event: 17206.793 Thread 0x000001e6f2702bf0 Exception <a 'java/io/FileNotFoundException'{0x000000008b9a81d0}> (0x000000008b9a81d0) 
thrown [s\open\src\hotspot\share\prims\jni.cpp, line 516]
Event: 17206.803 Thread 0x000001e6f2702bf0 Exception <a 'java/lang/reflect/InvocationTargetException'{0x000000008b7202d8}> (0x000000008b7202d8) 
thrown [s\open\src\hotspot\share\runtime\reflection.cpp, line 1121]
Event: 17206.819 Thread 0x000001e6f2702bf0 Exception <a 'java/lang/reflect/InvocationTargetException'{0x000000008b54cf18}> (0x000000008b54cf18) 
thrown [s\open\src\hotspot\share\runtime\reflection.cpp, line 1121]
Event: 17206.821 Thread 0x000001e6f2702bf0 Exception <a 'java/lang/reflect/InvocationTargetException'{0x000000008b55d0a0}> (0x000000008b55d0a0) 
thrown [s\open\src\hotspot\share\runtime\reflection.cpp, line 1121]
Event: 17206.822 Thread 0x000001e6f2702bf0 Exception <a 'java/lang/reflect/InvocationTargetException'{0x000000008b56dd00}> (0x000000008b56dd00) 
thrown [s\open\src\hotspot\share\runtime\reflection.cpp, line 1121]
Event: 17206.838 Thread 0x000001e6f2702bf0 Exception <a 'java/lang/reflect/InvocationTargetException'{0x000000008b3615d8}> (0x000000008b3615d8) 
thrown [s\open\src\hotspot\share\runtime\reflection.cpp, line 1121]
Event: 17206.839 Thread 0x000001e6f2702bf0 Exception <a 'java/lang/reflect/InvocationTargetException'{0x000000008b36c610}> (0x000000008b36c610) 
thrown [s\open\src\hotspot\share\runtime\reflection.cpp, line 1121]
Event: 17206.870 Thread 0x000001e6f2702bf0 Exception <a 'java/lang/reflect/InvocationTargetException'{0x000000008af21280}> (0x000000008af21280) 
thrown [s\open\src\hotspot\share\runtime\reflection.cpp, line 1121]
Event: 17206.873 Thread 0x000001e6f2702bf0 Exception <a 'java/lang/reflect/InvocationTargetException'{0x000000008af4b2c0}> (0x000000008af4b2c0) 
thrown [s\open\src\hotspot\share\runtime\reflection.cpp, line 1121]
Event: 17206.874 Thread 0x000001e6f2702bf0 Exception <a 'java/lang/reflect/InvocationTargetException'{0x000000008af666e0}> (0x000000008af666e0) 
thrown [s\open\src\hotspot\share\runtime\reflection.cpp, line 1121]
Event: 17206.901 Thread 0x000001e6f2702bf0 Exception <a 'java/lang/reflect/InvocationTargetException'{0x000000008ab9b740}> (0x000000008ab9b740) 
thrown [s\open\src\hotspot\share\runtime\reflection.cpp, line 1121]
Event: 17206.918 Thread 0x000001e6f2702bf0 Exception <a 'java/lang/reflect/InvocationTargetException'{0x000000008a85b080}> (0x000000008a85b080) 
thrown [s\open\src\hotspot\share\runtime\reflection.cpp, line 1121]
Event: 17206.920 Thread 0x000001e6f2702bf0 Exception <a 'java/lang/reflect/InvocationTargetException'{0x000000008a70bb28}> (0x000000008a70bb28) 
thrown [s\open\src\hotspot\share\runtime\reflection.cpp, line 1121]
Event: 17206.921 Thread 0x000001e6f2702bf0 Exception <a 'java/lang/reflect/InvocationTargetException'{0x000000008a71b9d8}> (0x000000008a71b9d8) 
thrown [s\open\src\hotspot\share\runtime\reflection.cpp, line 1121]
Event: 17206.923 Thread 0x000001e6f2702bf0 Exception <a 'java/lang/reflect/InvocationTargetException'{0x000000008a75f708}> (0x000000008a75f708) 
thrown [s\open\src\hotspot\share\runtime\reflection.cpp, line 1121]
Event: 17206.939 Thread 0x000001e6f2702bf0 Exception <a 'java/lang/reflect/InvocationTargetException'{0x000000008a297090}> (0x000000008a297090) 
thrown [s\open\src\hotspot\share\runtime\reflection.cpp, line 1121]
Event: 17207.139 Thread 0x000001e6f2702bf0 Exception <a 'sun/nio/fs/WindowsException'{0x0000000088c31fc0}> (0x0000000088c31fc0) 
thrown [s\open\src\hotspot\share\prims\jni.cpp, line 516]
Event: 17215.014 Thread 0x000001e6f2e3f050 Exception <a 'java/lang/InterruptedException'{0x000000008bafb6c8}: sleep interrupted> (0x000000008bafb6c8) 
thrown [s\open\src\hotspot\share\prims\jvm.cpp, line 3064]

VM Operations (20 events):
Event: 17180.024 Executing VM operation: G1CollectForAllocation done
Event: 17187.698 Executing VM operation: G1CollectForAllocation
Event: 17187.700 Executing VM operation: G1CollectForAllocation done
Event: 17195.424 Executing VM operation: G1CollectForAllocation
Event: 17195.425 Executing VM operation: G1CollectForAllocation done
Event: 17201.556 Executing VM operation: G1CollectFull
Event: 17202.602 Executing VM operation: G1CollectFull done
Event: 17202.602 Executing VM operation: HandshakeAllThreads
Event: 17204.688 Executing VM operation: HandshakeAllThreads done
Event: 17205.687 Executing VM operation: G1CollectForAllocation
Event: 17205.698 Executing VM operation: G1CollectForAllocation done
Event: 17206.722 Executing VM operation: G1CollectForAllocation
Event: 17206.738 Executing VM operation: G1CollectForAllocation done
Event: 17207.231 Executing VM operation: G1CollectForAllocation
Event: 17207.237 Executing VM operation: G1CollectForAllocation done
Event: 17210.303 Executing VM operation: G1CollectForAllocation
Event: 17210.312 Executing VM operation: G1CollectForAllocation done
Event: 17214.563 Executing VM operation: G1CollectForAllocation
Event: 17214.727 Executing VM operation: G1CollectForAllocation done
Event: 17215.014 Executing VM operation: G1CollectFull

Events (20 events):
Event: 17214.438 Thread 0x000001e6f262d3f0 Thread added: 0x000001e6f262d3f0
Event: 17214.438 Thread 0x000001e6f3d96810 Thread exited: 0x000001e6f3d96810
Event: 17214.991 Thread 0x000001e6f262b590 Thread exited: 0x000001e6f262b590
Event: 17214.991 Thread 0x000001e6f262cee0 Thread exited: 0x000001e6f262cee0
Event: 17214.991 Thread 0x000001e6f262a150 Thread exited: 0x000001e6f262a150
Event: 17214.991 Thread 0x000001e6f2e9c430 Thread exited: 0x000001e6f2e9c430
Event: 17214.991 Thread 0x000001e6f262ab70 Thread exited: 0x000001e6f262ab70
Event: 17214.991 Thread 0x000001e6f2e9ecb0 Thread exited: 0x000001e6f2e9ecb0
Event: 17214.991 Thread 0x000001e6f262bfb0 Thread exited: 0x000001e6f262bfb0
Event: 17214.991 Thread 0x000001e6f262baa0 Thread exited: 0x000001e6f262baa0
Event: 17215.000 Thread 0x000001e6f2e9d360 Thread exited: 0x000001e6f2e9d360
Event: 17215.000 Thread 0x000001e6f2e9f6d0 Thread exited: 0x000001e6f2e9f6d0
Event: 17215.000 Thread 0x000001e6f262a660 Thread exited: 0x000001e6f262a660
Event: 17215.000 Thread 0x000001e6f2e9e290 Thread exited: 0x000001e6f2e9e290
Event: 17215.000 Thread 0x000001e6f2e3f560 Thread added: 0x000001e6f2e3f560
Event: 17215.001 Thread 0x000001e6f2e3e630 Thread exited: 0x000001e6f2e3e630
Event: 17215.001 Thread 0x000001e6f2e3f560 Thread exited: 0x000001e6f2e3f560
Event: 17215.014 Thread 0x000001e6f2e3e120 Thread exited: 0x000001e6f2e3e120
Event: 17215.014 Thread 0x000001e6f2e3dc10 Thread exited: 0x000001e6f2e3dc10
Event: 17215.014 Thread 0x000001e6f2e3f050 Thread exited: 0x000001e6f2e3f050


Dynamic libraries:
0x00007ff7c0850000 - 0x00007ff7c0860000 	D:\dowload\jdk-17.0.13_windows-x64_bin\jdk-17.0.13\bin\java.exe
0x00007ffd043f0000 - 0x00007ffd045e8000 	C:\WINDOWS\SYSTEM32\ntdll.dll
0x00007ffd03710000 - 0x00007ffd037d2000 	C:\WINDOWS\System32\KERNEL32.DLL
0x00007ffd01e80000 - 0x00007ffd02176000 	C:\WINDOWS\System32\KERNELBASE.dll
0x00007ffd01c20000 - 0x00007ffd01d20000 	C:\WINDOWS\System32\ucrtbase.dll
0x00007ffcfcf30000 - 0x00007ffcfcf49000 	D:\dowload\jdk-17.0.13_windows-x64_bin\jdk-17.0.13\bin\jli.dll
0x00007ffcfd4c0000 - 0x00007ffcfd4db000 	D:\dowload\jdk-17.0.13_windows-x64_bin\jdk-17.0.13\bin\VCRUNTIME140.dll
0x00007ffd02470000 - 0x00007ffd02521000 	C:\WINDOWS\System32\ADVAPI32.dll
0x00007ffd033d0000 - 0x00007ffd0346e000 	C:\WINDOWS\System32\msvcrt.dll
0x00007ffd03470000 - 0x00007ffd0350f000 	C:\WINDOWS\System32\sechost.dll
0x00007ffd03bc0000 - 0x00007ffd03ce3000 	C:\WINDOWS\System32\RPCRT4.dll
0x00007ffd023e0000 - 0x00007ffd02407000 	C:\WINDOWS\System32\bcrypt.dll
0x00007ffd03a20000 - 0x00007ffd03bbd000 	C:\WINDOWS\System32\USER32.dll
0x00007ffce6840000 - 0x00007ffce6ada000 	C:\WINDOWS\WinSxS\amd64_microsoft.windows.common-controls_6595b64144ccf1df_6.0.19041.5915_none_60b4b9d171f9c7c7\COMCTL32.dll
0x00007ffd022d0000 - 0x00007ffd022f2000 	C:\WINDOWS\System32\win32u.dll
0x00007ffd03510000 - 0x00007ffd0353b000 	C:\WINDOWS\System32\GDI32.dll
0x00007ffd01b00000 - 0x00007ffd01c18000 	C:\WINDOWS\System32\gdi32full.dll
0x00007ffd02230000 - 0x00007ffd022cd000 	C:\WINDOWS\System32\msvcp_win.dll
0x00007ffcf56a0000 - 0x00007ffcf56aa000 	C:\WINDOWS\SYSTEM32\VERSION.dll
0x00007ffd03680000 - 0x00007ffd036af000 	C:\WINDOWS\System32\IMM32.DLL
0x00007ffcfd700000 - 0x00007ffcfd70c000 	D:\dowload\jdk-17.0.13_windows-x64_bin\jdk-17.0.13\bin\vcruntime140_1.dll
0x00007ffcc6d90000 - 0x00007ffcc6e1e000 	D:\dowload\jdk-17.0.13_windows-x64_bin\jdk-17.0.13\bin\msvcp140.dll
0x00007ffca11a0000 - 0x00007ffca1d81000 	D:\dowload\jdk-17.0.13_windows-x64_bin\jdk-17.0.13\bin\server\jvm.dll
0x00007ffd03670000 - 0x00007ffd03678000 	C:\WINDOWS\System32\PSAPI.DLL
0x00007ffcdea30000 - 0x00007ffcdea39000 	C:\WINDOWS\SYSTEM32\WSOCK32.dll
0x00007ffcfff10000 - 0x00007ffcfff37000 	C:\WINDOWS\SYSTEM32\WINMM.dll
0x00007ffd04160000 - 0x00007ffd041cb000 	C:\WINDOWS\System32\WS2_32.dll
0x00007ffd00270000 - 0x00007ffd00282000 	C:\WINDOWS\SYSTEM32\kernel.appcore.dll
0x00007ffcfd4b0000 - 0x00007ffcfd4ba000 	D:\dowload\jdk-17.0.13_windows-x64_bin\jdk-17.0.13\bin\jimage.dll
0x00007ffcffc90000 - 0x00007ffcffe91000 	C:\WINDOWS\SYSTEM32\DBGHELP.DLL
0x00007ffcffeb0000 - 0x00007ffcffee4000 	C:\WINDOWS\SYSTEM32\dbgcore.DLL
0x00007ffd02300000 - 0x00007ffd02382000 	C:\WINDOWS\System32\bcryptPrimitives.dll
0x00007ffccb3e0000 - 0x00007ffccb405000 	D:\dowload\jdk-17.0.13_windows-x64_bin\jdk-17.0.13\bin\java.dll
0x00007ffcc04f0000 - 0x00007ffcc05c7000 	D:\dowload\jdk-17.0.13_windows-x64_bin\jdk-17.0.13\bin\jsvml.dll
0x00007ffd02890000 - 0x00007ffd02ffe000 	C:\WINDOWS\System32\SHELL32.dll
0x00007ffcff420000 - 0x00007ffcffbc4000 	C:\WINDOWS\SYSTEM32\windows.storage.dll
0x00007ffd02530000 - 0x00007ffd02883000 	C:\WINDOWS\System32\combase.dll
0x00007ffd014b0000 - 0x00007ffd014db000 	C:\WINDOWS\SYSTEM32\Wldp.dll
0x00007ffd042e0000 - 0x00007ffd043ad000 	C:\WINDOWS\System32\OLEAUT32.dll
0x00007ffd037f0000 - 0x00007ffd0389d000 	C:\WINDOWS\System32\SHCORE.dll
0x00007ffd04280000 - 0x00007ffd042db000 	C:\WINDOWS\System32\shlwapi.dll
0x00007ffd019b0000 - 0x00007ffd019d4000 	C:\WINDOWS\SYSTEM32\profapi.dll
0x00007ffcfcf10000 - 0x00007ffcfcf29000 	D:\dowload\jdk-17.0.13_windows-x64_bin\jdk-17.0.13\bin\net.dll
0x00007ffcfdfa0000 - 0x00007ffcfe0aa000 	C:\WINDOWS\SYSTEM32\WINHTTP.dll
0x00007ffd01210000 - 0x00007ffd0127a000 	C:\WINDOWS\system32\mswsock.dll
0x00007ffce8c80000 - 0x00007ffce8c96000 	D:\dowload\jdk-17.0.13_windows-x64_bin\jdk-17.0.13\bin\nio.dll
0x00007ffce8250000 - 0x00007ffce8268000 	D:\dowload\jdk-17.0.13_windows-x64_bin\jdk-17.0.13\bin\zip.dll
0x00007ffce8cc0000 - 0x00007ffce8cca000 	D:\dowload\jdk-17.0.13_windows-x64_bin\jdk-17.0.13\bin\management.dll
0x00007ffce8150000 - 0x00007ffce815b000 	D:\dowload\jdk-17.0.13_windows-x64_bin\jdk-17.0.13\bin\management_ext.dll
0x00007ffce8140000 - 0x00007ffce814e000 	D:\dowload\jdk-17.0.13_windows-x64_bin\jdk-17.0.13\bin\sunmscapi.dll
0x00007ffd01d20000 - 0x00007ffd01e7d000 	C:\WINDOWS\System32\CRYPT32.dll
0x00007ffd01520000 - 0x00007ffd01547000 	C:\WINDOWS\SYSTEM32\ncrypt.dll
0x00007ffd014e0000 - 0x00007ffd0151b000 	C:\WINDOWS\SYSTEM32\NTASN1.dll
0x00007ffd01410000 - 0x00007ffd01428000 	C:\WINDOWS\SYSTEM32\CRYPTSP.dll
0x00007ffd00ac0000 - 0x00007ffd00af5000 	C:\WINDOWS\system32\rsaenh.dll
0x00007ffd01930000 - 0x00007ffd0195e000 	C:\WINDOWS\SYSTEM32\USERENV.dll
0x00007ffd01400000 - 0x00007ffd0140c000 	C:\WINDOWS\SYSTEM32\CRYPTBASE.dll
0x00007ffd00ea0000 - 0x00007ffd00edb000 	C:\WINDOWS\SYSTEM32\IPHLPAPI.DLL
0x00007ffd033c0000 - 0x00007ffd033c8000 	C:\WINDOWS\System32\NSI.dll
0x00007ffcfc8f0000 - 0x00007ffcfc907000 	C:\WINDOWS\SYSTEM32\dhcpcsvc6.DLL
0x00007ffcfcfe0000 - 0x00007ffcfcffd000 	C:\WINDOWS\SYSTEM32\dhcpcsvc.DLL
0x00007ffd00ef0000 - 0x00007ffd00fba000 	C:\WINDOWS\SYSTEM32\DNSAPI.dll
0x00007ffcfc360000 - 0x00007ffcfc370000 	D:\dowload\jdk-17.0.13_windows-x64_bin\jdk-17.0.13\bin\verify.dll
0x00007ffcfa0e0000 - 0x00007ffcfa0ea000 	C:\Windows\System32\rasadhlp.dll
0x00007ffcf62a0000 - 0x00007ffcf6320000 	C:\WINDOWS\System32\fwpuclnt.dll
0x00007ffcfd5f0000 - 0x00007ffcfd5f7000 	C:\WINDOWS\system32\wshunix.dll

dbghelp: loaded successfully - version: 4.0.5 - missing functions: none
symbol engine: initialized successfully - sym options: 0x614 - pdb path: .;D:\dowload\jdk-17.0.13_windows-x64_bin\jdk-17.0.13\bin;C:\WINDOWS\SYSTEM32;C:\WINDOWS\WinSxS\amd64_microsoft.windows.common-controls_6595b64144ccf1df_6.0.19041.5915_none_60b4b9d171f9c7c7;D:\dowload\jdk-17.0.13_windows-x64_bin\jdk-17.0.13\bin\server

VM Arguments:
jvm_args: -XX:TieredStopAtLevel=1 
java_command: com.example.graduate.GraduateApplication
java_class_path (initial): D:\NTASPORT\JAVA-PROJECT\SpringBoot\graduation-manager\server\target\classes;C:\Users\Admin\.m2\repository\org\postgresql\postgresql\42.7.2\postgresql-42.7.2.jar;C:\Users\Admin\.m2\repository\org\checkerframework\checker-qual\3.42.0\checker-qual-3.42.0.jar;C:\Users\Admin\.m2\repository\org\springdoc\springdoc-openapi-starter-webmvc-ui\2.6.0\springdoc-openapi-starter-webmvc-ui-2.6.0.jar;C:\Users\Admin\.m2\repository\org\springdoc\springdoc-openapi-starter-webmvc-api\2.6.0\springdoc-openapi-starter-webmvc-api-2.6.0.jar;C:\Users\Admin\.m2\repository\org\springdoc\springdoc-openapi-starter-common\2.6.0\springdoc-openapi-starter-common-2.6.0.jar;C:\Users\Admin\.m2\repository\io\swagger\core\v3\swagger-core-jakarta\2.2.22\swagger-core-jakarta-2.2.22.jar;C:\Users\Admin\.m2\repository\org\apache\commons\commons-lang3\3.14.0\commons-lang3-3.14.0.jar;C:\Users\Admin\.m2\repository\io\swagger\core\v3\swagger-annotations-jakarta\2.2.22\swagger-annotations-jakarta-2.2.22.jar;C:\Users\Admin\.m2\repository\io\swagger\core\v3\swagger-models-jakarta\2.2.22\swagger-models-jakarta-2.2.22.jar;C:\Users\Admin\.m2\repository\com\fasterxml\jackson\dataformat\jackson-dataformat-yaml\2.17.2\jackson-dataformat-yaml-2.17.2.jar;C:\Users\Admin\.m2\repository\org\webjars\swagger-ui\5.17.14\swagger-ui-5.17.14.jar;C:\Users\Admin\.m2\repository\org\aspectj\aspectjweaver\1.9.22.1\aspectjweaver-1.9.22.1.jar;C:\Users\Admin\.m2\repository\com\zaxxer\HikariCP\5.1.0\HikariCP-5.1.0.jar;C:\Users\Admin\.m2\repository\org\springframework\spring-jdbc\6.1.13\spring-jdbc-6.1.13.jar;C:\Users\Admin\.m2\repository\org\hibernate\orm\hibernate-core\6.5.3.Final\hibernate-core-6.5.3.Final.jar;C:\Users\Admin\.m2\repository\jakarta\persistence\jakarta.persistence-api\3.1.0\jakarta.persistence-api-3.1.0.jar;C:\Users\Admin\.m2\repository\jakarta\transaction\jakarta.transaction-api\2.0.1\jakarta.transaction-api-2.0.1.jar;C:\Users\Admin\.m2\repository\org\jboss\logging\jboss-logging\3.5.3.Final\jb
Launcher Type: SUN_STANDARD

[Global flags]
     intx CICompilerCount                          = 4                                         {product} {ergonomic}
     uint ConcGCThreads                            = 2                                         {product} {ergonomic}
     uint G1ConcRefinementThreads                  = 8                                         {product} {ergonomic}
   size_t G1HeapRegionSize                         = 1048576                                   {product} {ergonomic}
    uintx GCDrainStackTargetSize                   = 64                                        {product} {ergonomic}
   size_t InitialHeapSize                          = 132120576                                 {product} {ergonomic}
   size_t MarkStackSize                            = 4194304                                   {product} {ergonomic}
   size_t MaxHeapSize                              = 2090860544                                {product} {ergonomic}
   size_t MaxNewSize                               = 1254096896                                {product} {ergonomic}
   size_t MinHeapDeltaBytes                        = 1048576                                   {product} {ergonomic}
   size_t MinHeapSize                              = 8388608                                   {product} {ergonomic}
    uintx NonProfiledCodeHeapSize                  = 0                                      {pd product} {ergonomic}
     bool ProfileInterpreter                       = false                                  {pd product} {command line}
    uintx ProfiledCodeHeapSize                     = 0                                      {pd product} {ergonomic}
   size_t SoftMaxHeapSize                          = 2090860544                             {manageable} {ergonomic}
     intx TieredStopAtLevel                        = 1                                         {product} {command line}
     bool UseCompressedClassPointers               = true                           {product lp64_product} {ergonomic}
     bool UseCompressedOops                        = true                           {product lp64_product} {ergonomic}
     bool UseG1GC                                  = true                                      {product} {ergonomic}
     bool UseLargePagesIndividualAllocation        = false                                  {pd product} {ergonomic}

Logging:
Log output configuration:
 #0: stdout all=warning uptime,level,tags
 #1: stderr all=off uptime,level,tags

Environment Variables:
JAVA_HOME=D:\dowload\jdk-17.0.13_windows-x64_bin\jdk-17.0.13
PATH=C:\Program Files\Common Files\Oracle\Java\javapath;D:\NTASPORT\dbhomeXE\bin;D:\app\client\Admin\product\12.2.0\client_2\bin;C:\Program Files (x86)\Common Files\Oracle\Java\javapath;C:\WINDOWS\system32;C:\WINDOWS;C:\WINDOWS\System32\Wbem;C:\WINDOWS\System32\WindowsPowerShell\v1.0\;C:\WINDOWS\System32\OpenSSH\;C:\Program Files (x86)\Microsoft SQL Server\160\Tools\Binn\;C:\Program Files\Microsoft SQL Server\160\Tools\Binn\;C:\Program Files\Microsoft SQL Server\Client SDK\ODBC\170\Tools\Binn\;C:\Program Files\Microsoft SQL Server\160\DTS\Binn\;C:\Program Files (x86)\Microsoft SQL Server\160\DTS\Binn\;C:\Program Files\Azure Data Studio\bin;C:\Program Files\NVIDIA Corporation\NVIDIA NvDLISR;C:\Program Files\Microsoft SQL Server\150\Tools\Binn\;C:\Program Files\dotnet\;C:\Program Files\Git\cmd;C:\Program Files\Microsoft\Web Platform Installer\;C:\Users\Admin\Downloads\php-8.3.2-nts-Win32-vs16-x64;C:\xampp\htdocs\bai1;C:\Program Files\MySQL\MySQL Server 8.3\bin;C:\xampp\php;C:\apache-maven-3.9.7\bin;D:\dowload\jdk-17.0.13_windows-x64_bin\jdk-17.0.13\bin;C:\Program Files\Java\jre1.8.0_202\bin;C:\Program Files\Docker\Docker\resources\bin;C:\Users\Admin\AppData\Local\nvm;C:\nvm4w\nodejs;C:\MinGW\bin;d:\NTASPORT\Trae\bin;C:\Users\Admin\AppData\Local\Programs\oh-my-posh\bin\;C:\Users\Admin\scoop\shims;C:\Users\Admin\AppData\Local\Programs\Python\Python313\Scripts\;C:\Users\Admin\AppData\Local\Programs\Python\Python313\;C:\Users\Admin\AppData\Local\Programs\Python\Launcher\;C:\Users\Admin\AppData\Local\Microsoft\WindowsApps;C:\Users\Admin\AppData\Local\Programs\Microsoft VS Code\bin;C:\Program Files\Azure Data Studio\bin;C:\Users\Admin\.dotnet\tools;C:\Users\Admin\Documents\Zalo Received Files\php-8.2.12-Win32-vs16-x64;C:\Users\Admin\AppData\Roaming\npm;C:\apache-maven-3.9.7\bin;C:\Users\Admin\AppData\Local\nvm;C:\nvm4w\nodejs;D:\Documents\Windsurf\bin
USERNAME=Admin
OS=Windows_NT
PROCESSOR_IDENTIFIER=Intel64 Family 6 Model 140 Stepping 1, GenuineIntel



---------------  S Y S T E M  ---------------

OS:
 Windows 10 , 64 bit Build 19041 (10.0.19041.5915)
OS uptime: 2 days 1:46 hours
Hyper-V role detected

CPU: total 8 (initial active 8) (4 cores per cpu, 2 threads per core) family 6 model 140 stepping 1 microcode 0x86, cx8, cmov, fxsr, ht, mmx, 3dnowpref, sse, sse2, sse3, ssse3, sse4.1, sse4.2, popcnt, lzcnt, tsc, tscinvbit, avx, avx2, aes, erms, clmul, bmi1, bmi2, adx, avx512f, avx512dq, avx512cd, avx512bw, avx512vl, sha, fma, vzeroupper, avx512_vpopcntdq, avx512_vpclmulqdq, avx512_vaes, avx512_vnni, clflush, clflushopt, clwb, avx512_vbmi2, avx512_vbmi, hv

Memory: 4k page, system-wide physical 7975M (448M free)
TotalPageFile size 25113M (AvailPageFile size 36M)
current process WorkingSet (physical memory assigned to process): 331M, peak: 693M
current process commit charge ("private bytes"): 425M, peak: 1134M

vm_info: Java HotSpot(TM) 64-Bit Server VM (17.0.13+10-LTS-268) for windows-amd64 JRE (17.0.13+10-LTS-268), built on Sep 30 2024 06:33:13 by "mach5one" with MS VC++ 17.6 (VS2022)

END.
